#^
# Automatically generated edge file
#
# format :
# index    x1    y1    x2    y2 
#
 
    1  -1.99313e-01  -1.34099e-01  -2.02033e-01  -6.87154e-02
   25   2.15639e-01  -7.59753e-02   2.15114e-01  -6.75329e-02
   37   1.25964e-01  -6.87058e-02   1.25979e-01  -2.50846e-02
   25   2.15172e-01  -6.02609e-02   2.15242e-01  -5.29998e-02
    1  -2.01858e-01  -5.78244e-02  -2.03388e-01  -8.20212e-03
   26   3.03472e-01  -5.65995e-02   3.03469e-01  -2.99746e-02
    0  -3.02383e-01  -4.69115e-02  -3.04353e-01   8.74936e-03
    2  -1.10565e-01  -3.60628e-02  -1.11884e-01   6.31769e-03
   36   4.07064e-02  -2.75550e-02   4.07064e-02   2.44917e-02
   44   1.30256e-01  -2.39444e-02   1.30826e-01   2.31687e-02
   25   2.13134e-01  -2.14958e-02   2.13463e-01   2.69173e-02
   26   3.03730e-01  -2.02927e-02   3.03322e-01   2.69124e-02
    0  -3.05022e-01   1.84494e-02  -3.06937e-01   8.25866e-02
    1  -2.04582e-01   2.20697e-02  -2.05168e-01   6.32095e-02
    2  -1.12336e-01   2.81301e-02  -1.13354e-01   6.32144e-02
   13   8.24584e-02   5.11202e-02   8.24584e-02   8.13799e-02
   14   2.57937e-01   5.35458e-02   2.57764e-01   7.04912e-02
   13   8.11116e-02   9.10630e-02   8.11116e-02   1.39478e-01
   14   2.54976e-01   9.46372e-02   2.55159e-01   1.29795e-01
   13   8.08772e-02   1.49157e-01   7.94671e-02   1.99962e-01
   14   2.55539e-01   1.54010e-01   2.54905e-01   1.70950e-01
    5  -2.98680e-01   1.28731e-02  -2.08457e-01   1.36660e-02
    6  -2.97344e-01  -6.17388e-02  -2.07082e-01  -6.34866e-02
    4  -2.94630e-01   6.50578e-02  -2.16517e-01   6.75209e-02
    3  -2.94663e-01   7.49975e-02  -2.16541e-01   7.76240e-02
    7  -2.93316e-01  -1.35486e-01  -2.08502e-01  -1.39581e-01
   10  -1.97662e-01   1.41320e-02  -1.18224e-01   2.21145e-02
   11  -1.96309e-01  -6.27083e-02  -1.15556e-01  -4.19126e-02
    9  -1.96350e-01   6.74459e-02  -1.22288e-01   6.72425e-02
    8  -1.94983e-01   7.74800e-02  -1.39764e-01   7.61002e-02
   12  -1.93533e-01  -1.38821e-01  -1.10064e-01  -1.03951e-01
    8  -1.34378e-01   7.58448e-02  -1.22273e-01   7.56898e-02
   41   5.14757e-02  -4.40768e-02   1.13438e-01  -4.43031e-02
   40   5.14690e-02  -3.69888e-02   1.13437e-01  -3.70747e-02
   39   5.14771e-02   1.16434e-02   1.13429e-01   1.18879e-02
   38   5.14825e-02   1.90389e-02   1.14788e-01   1.92349e-02
   18   8.64908e-02   1.43826e-01   2.49470e-01   1.49033e-01
   19   9.05421e-02   8.73519e-02   2.49442e-01   9.04203e-02
   17   9.05475e-02   1.82920e-01   2.44098e-01   1.88546e-01
   16   9.05354e-02   1.90098e-01   2.44098e-01   1.95843e-01
   20   1.30907e-01   3.05690e-02   2.09068e-01   3.14792e-02
   30   2.19868e-01  -2.62321e-02   2.95264e-01  -2.57334e-02
   31   2.22501e-01  -8.25441e-02   2.99284e-01  -8.22827e-02
   29   2.31952e-01   1.28961e-02   2.89867e-01   1.40109e-02
   28   2.31953e-01   2.05107e-02   2.89882e-01   2.15202e-02
#! 
#^
# Automatically generated edge file
#
# format :
# index    x1    y1    x2    y2 
#
 
    1  -2.53412e-01  -1.03820e-01  -2.56460e-01  -4.82623e-02
   26   3.13859e-01  -8.08217e-02   3.13942e-01  -7.35618e-02
   25   2.25657e-01  -7.83852e-02   2.25626e-01  -6.74857e-02
   27   3.35664e-01  -7.23393e-02   3.35664e-01  -6.26562e-02
   26   3.13526e-01  -6.39187e-02   3.13702e-01  -4.09044e-02
   25   2.25662e-01  -5.78086e-02   2.25342e-01  -3.23941e-02
    2  -1.14180e-01  -5.66043e-02  -1.14180e-01  -4.57108e-02
   27   3.35416e-01  -5.29840e-02   3.35117e-01  -3.60398e-02
    1  -2.55976e-01  -3.84775e-02  -2.57160e-01   2.69500e-03
    0  -3.16654e-01  -3.48294e-02  -3.18450e-01   1.96622e-02
   36   6.48471e-02  -2.63470e-02   6.31784e-02   2.81119e-02
    2  -1.14496e-01  -2.39662e-02  -1.15616e-01   1.11750e-02
   44   1.72356e-01  -2.27135e-02   1.72024e-01   2.20709e-02
   26   3.13560e-01  -2.15103e-02   3.13348e-01   1.11847e-02
   25   2.25575e-01  -2.02854e-02   2.24357e-01   2.93429e-02
   37   1.39473e-01  -1.90726e-02   1.39341e-01   1.96150e-02
   27   3.36064e-01  -1.66603e-02   3.35817e-01   1.23914e-02
    0  -3.18509e-01   2.93465e-02  -3.19941e-01   6.32350e-02
    1  -2.57528e-01   3.17031e-02  -2.58351e-01   6.68552e-02
    2  -1.16175e-01   3.53767e-02  -1.16856e-01   8.37861e-02
   13   1.01314e-01   5.47513e-02   1.01314e-01   8.50110e-02
   14   2.67030e-01   5.59666e-02   2.67092e-01   8.01707e-02
   15   2.92308e-01   5.59569e-02   2.92108e-01   8.86398e-02
   13   9.99673e-02   9.46941e-02   9.99673e-02   1.41899e-01
   15   2.91376e-01   9.95502e-02   2.91321e-01   1.16492e-01
   14   2.66760e-01   1.01947e-01   2.65903e-01   1.49186e-01
   15   2.91348e-01   1.26171e-01   2.91105e-01   1.37054e-01
   13   1.00010e-01   1.51584e-01   9.81975e-02   1.97564e-01
   15   2.91537e-01   1.56426e-01   2.91086e-01   1.85471e-01
   14   2.66225e-01   1.63691e-01   2.65895e-01   1.92736e-01
    5  -3.13431e-01   2.35548e-02  -2.63678e-01   2.30271e-02
    7  -3.12242e-01  -1.01866e-01  -2.59774e-01  -1.09414e-01
    4  -3.10802e-01   6.78102e-02  -2.67745e-01   6.96500e-02
    3  -3.10833e-01   7.62466e-02  -2.69048e-01   7.82401e-02
    6  -3.08130e-01  -3.99288e-02  -2.61002e-01  -4.34317e-02
   10  -2.51505e-01   2.33043e-02  -1.22249e-01   2.94930e-02
   11  -2.50190e-01  -4.34728e-02  -1.80225e-01  -3.55847e-02
   12  -2.47439e-01  -1.09847e-01  -1.18231e-01  -8.68434e-02
    9  -2.47524e-01   6.97456e-02  -1.26301e-01   7.03399e-02
    8  -2.47510e-01   7.84374e-02  -1.26300e-01   7.80622e-02
   11  -1.77429e-01  -3.52773e-02  -1.20905e-01  -2.88465e-02
   41   7.43908e-02  -3.78845e-02   1.28229e-01  -4.02641e-02
   40   7.43612e-02  -3.09538e-02   1.28244e-01  -3.30126e-02
   39   7.43814e-02   1.66471e-02   1.29598e-01   1.58011e-02
   38   7.43639e-02   2.38719e-02   1.28252e-01   2.32437e-02
   42   9.86245e-02  -7.57236e-02   1.30930e-01  -7.75198e-02
   18   1.05368e-01   1.46890e-01   2.60233e-01   1.56321e-01
   19   1.06720e-01   9.08330e-02   2.61592e-01   9.55813e-02
   17   1.09371e-01   1.85698e-01   2.53513e-01   1.97506e-01
   16   1.09394e-01   1.92874e-01   2.53512e-01   2.05077e-01
   43   1.48486e-01  -7.49877e-02   1.65965e-01  -7.00033e-02
   20   1.78087e-01   3.43115e-02   2.18488e-01   3.43551e-02
   31   2.31898e-01  -8.38332e-02   3.12836e-01  -8.77427e-02
   30   2.33292e-01  -2.58229e-02   3.07339e-01  -2.73698e-02
   29   2.41385e-01   1.48291e-02   3.00645e-01   1.47190e-02
   28   2.41380e-01   2.26325e-02   3.00658e-01   2.26664e-02
   35   3.19744e-01  -8.48172e-02   3.30066e-01  -7.92107e-02
   34   3.19654e-01  -2.57939e-02   3.30400e-01  -2.24786e-02
   32   3.20928e-01   2.38042e-02   3.27630e-01   2.48681e-02
   33   3.22154e-01   1.62792e-02   3.27573e-01   1.72862e-02
#! 
#^
# Automatically generated edge file
#
# format :
# index    x1    y1    x2    y2 
#
 
   26   2.54446e-01  -1.06246e-01   2.54534e-01  -5.90650e-02
   27   3.22195e-01  -9.65471e-02   3.22195e-01  -5.17628e-02
   25   1.80289e-01  -7.72015e-02   1.79951e-01  -4.20736e-02
   26   2.53850e-01  -3.84037e-02   2.53881e-01   1.50277e-03
   27   3.22228e-01  -3.11850e-02   3.22241e-01   2.44796e-02
    1  -3.04960e-01  -2.99613e-02  -3.06277e-01   5.14361e-03
   36   5.81830e-02  -2.99770e-02   5.64537e-02   8.74209e-03
   25   1.80778e-01  -2.99758e-02   1.80778e-01   1.96501e-02
    0  -3.23751e-01  -2.15188e-02  -3.24522e-01   9.96217e-03
    2  -1.33950e-01  -2.14728e-02  -1.34835e-01   1.84240e-02
    0  -3.25633e-01   3.05436e-02  -3.25633e-01   5.95929e-02
    2  -1.35344e-01   3.41820e-02  -1.36205e-01   8.01501e-02
   13   8.38052e-02   5.11202e-02   8.38052e-02   8.38006e-02
   14   2.14605e-01   5.11250e-02   2.13926e-01   9.10012e-02
   15   2.81908e-01   5.35434e-02   2.81629e-01   8.98514e-02
   13   8.30335e-02   9.46832e-02   8.22052e-02   1.44316e-01
   15   2.80241e-01   1.00742e-01   2.80116e-01   1.49053e-01
   14   2.13717e-01   1.01995e-01   2.13151e-01   1.44320e-01
   13   8.24584e-02   1.54003e-01   8.24584e-02   1.84263e-01
   15   2.81013e-01   1.64906e-01   2.80410e-01   1.99997e-01
   14   2.13393e-01   1.68554e-01   2.12832e-01   2.07243e-01
    3  -3.21595e-01   7.16665e-02  -3.14900e-01   7.24097e-02
    4  -3.20244e-01   6.44236e-02  -3.14914e-01   6.49622e-02
    7  -3.19081e-01  -8.58727e-02  -3.08322e-01  -9.20469e-02
    5  -3.18925e-01   2.46805e-02  -3.12136e-01   2.41104e-02
    6  -3.15023e-01  -3.28916e-02  -3.10917e-01  -3.39362e-02
   11  -3.00040e-01  -3.57493e-02  -1.41152e-01  -2.70817e-02
   10  -3.00046e-01   2.39542e-02  -1.42458e-01   2.86203e-02
   12  -2.97230e-01  -9.52508e-02  -1.37046e-01  -8.23033e-02
    9  -2.96002e-01   6.55686e-02  -1.46500e-01   6.74326e-02
    8  -2.96003e-01   7.33816e-02  -1.46516e-01   7.47215e-02
   42   6.10437e-02  -8.02746e-02   1.06607e-01  -8.84036e-02
   41   6.63368e-02  -4.39969e-02   1.02627e-01  -4.84221e-02
   40   6.62532e-02  -3.67891e-02   1.02652e-01  -4.08245e-02
   38   6.62694e-02   2.00181e-02   1.02654e-01   1.84833e-02
   39   6.76445e-02   1.24277e-02   1.02649e-01   1.06811e-02
   19   8.92047e-02   8.98320e-02   2.07678e-01   9.62822e-02
   18   9.05502e-02   1.49044e-01   2.07737e-01   1.64029e-01
   17   9.19576e-02   1.89894e-01   2.01034e-01   2.09397e-01
   16   9.18607e-02   1.97428e-01   2.00956e-01   2.17942e-01
   20   1.29596e-01   3.04262e-02   1.59213e-01   3.02446e-02
   43   1.47089e-01  -8.50980e-02   1.71346e-01  -8.21483e-02
   31   1.86110e-01  -1.01695e-01   2.49441e-01  -1.11271e-01
   30   1.87494e-01  -3.79353e-02   2.49400e-01  -4.29257e-02
   29   1.94251e-01   6.72680e-03   2.41387e-01   5.16177e-03
   28   1.94234e-01   1.53847e-02   2.41381e-01   1.41211e-02
   23   2.18478e-01   1.64037e-01   2.75074e-01   1.59859e-01
   24   2.19820e-01   9.65545e-02   2.75048e-01   9.55184e-02
   22   2.22586e-01   2.10232e-01   2.71014e-01   2.04856e-01
   21   2.22567e-01   2.19042e-01   2.71024e-01   2.13253e-01
   35   2.60272e-01  -1.11307e-01   3.16711e-01  -1.01930e-01
   34   2.60183e-01  -4.27902e-02   3.16878e-01  -3.70009e-02
   33   2.64264e-01   5.39416e-03   3.11432e-01   8.36930e-03
   32   2.64252e-01   1.44745e-02   3.12755e-01   1.71095e-02
#! 
