#^
# Automatically generated edge file
#
#
# format :
# index    x1    y1    x2    y2 
#
 
    8   7.09541e-02  -2.57593e-01   2.31405e-01  -9.94719e-02
    3   6.44531e-02  -2.45995e-01   6.58498e-02  -4.65074e-03
    0  -2.15440e-01  -1.42564e-01  -2.58196e-01   2.10973e-01
    7   2.31814e-01  -9.73970e-02   2.58287e-01   2.24478e-01
   12  -4.29294e-02  -1.66207e-02  -9.74608e-02   1.10869e-01
   19  -6.01772e-02  -1.32451e-02  -7.38463e-02   2.09666e-02
    3   6.71706e-02  -3.53774e-03   6.78405e-02   1.45249e-01
   27   1.67093e-01  -3.44631e-03   1.70645e-01   7.33229e-02
   34   1.78992e-01   2.84771e-03   1.85429e-01   8.45359e-02
   17  -1.21127e-01   6.42688e-03  -1.12971e-01   3.05070e-02
   11  -1.37663e-01   8.87963e-03  -1.02333e-01   1.10042e-01
   14  -8.15799e-02   4.17065e-02  -9.49697e-02   7.58939e-02
   13  -1.08350e-01   4.66572e-02  -9.97959e-02   7.58915e-02
   28   1.68733e-01   7.47919e-02   1.55441e-01   1.23009e-01
   33   1.87662e-01   8.54782e-02   2.06662e-01   1.50040e-01
   31   1.80254e-01   9.43676e-02   1.95150e-01   1.46650e-01
   30   1.77269e-01   9.56245e-02   1.69095e-01   1.29384e-01
    4  -2.56319e-01   2.16755e-01  -2.10819e-02   2.73366e-01
    2  -2.50800e-01   2.13615e-01   7.26166e-02   1.62197e-01
    1  -2.14094e-01  -1.45161e-01  -3.44785e-02  -2.22234e-01
   16  -1.36160e-01   7.40213e-03  -1.22670e-01   4.13261e-03
   18  -1.10145e-01   3.01864e-02  -7.62913e-02   2.12726e-02
   15  -1.06324e-01   4.49785e-02  -8.43436e-02   3.92855e-02
   22  -6.66768e-02   2.29982e-01   5.36059e-02   2.15314e-01
   24  -6.11902e-02   2.35423e-01   4.69599e-02   2.22798e-01
   20  -5.86801e-02  -1.45849e-02  -4.50422e-02  -1.88930e-02
    1  -3.12727e-02  -2.23699e-01   5.31964e-02  -2.58265e-01
    5  -1.91780e-02   2.72270e-01   2.31455e-01   2.46212e-01
   25   4.81532e-02   2.25544e-01   9.41563e-02   2.38293e-01
   21   5.51763e-02   2.17205e-01   1.05264e-01   2.33435e-01
    6   7.42886e-02   1.64673e-01   2.49995e-01   2.36588e-01
   26   9.59788e-02   2.36690e-01   1.02660e-01   2.36184e-01
   29   1.58177e-01   1.24832e-01   1.66394e-01   1.29442e-01
   35   1.69400e-01  -4.13751e-03   1.75761e-01   1.07885e-03
   32   1.97953e-01   1.47400e-01   2.04372e-01   1.51370e-01
#! 
#^
# Automatically generated edge file
#
#+       alpha 0.0 beta -30.0
#
# format :
# index    x1    y1    x2    y2 
#
 
    1  -7.35887e-02  -2.80177e-01  -2.09358e-01  -1.33429e-01
    3  -4.00831e-02  -2.80147e-01  -5.00447e-02  -4.72679e-02
    7   2.64659e-01  -1.80358e-01   3.04095e-01   1.73160e-01
   27   1.36056e-01  -6.19625e-02   1.38982e-01   1.60514e-02
   34   1.59497e-01  -5.60074e-02   1.64788e-01   2.59709e-02
    3  -4.82710e-02  -4.60208e-02  -5.35922e-02   1.14743e-01
    0  -2.17893e-01  -4.11434e-02  -2.44565e-01   2.15889e-01
   12  -1.16210e-01  -3.76654e-02  -1.53039e-01   1.03806e-01
   19  -1.25329e-01  -3.39594e-02  -1.35969e-01   6.47930e-03
   17  -1.61806e-01  -3.51214e-03  -1.58809e-01   1.85773e-02
   11  -1.70725e-01   5.11990e-04  -1.55054e-01   1.03707e-01
   28   1.37371e-01   1.76057e-02   1.04963e-01   7.80310e-02
   14  -1.40605e-01   2.69340e-02  -1.49068e-01   6.34437e-02
   33   1.67350e-01   2.68925e-02   2.03706e-01   1.02702e-01
   13  -1.55740e-01   3.47006e-02  -1.52922e-01   6.86344e-02
   30   1.51297e-01   4.33828e-02   1.30851e-01   8.57123e-02
   31   1.54634e-01   4.32852e-02   1.81416e-01   1.00367e-01
    4  -2.41335e-01   2.21734e-01  -7.75741e-02   2.43655e-01
    2  -2.37375e-01   2.17661e-01  -4.99416e-02   1.32721e-01
   18  -1.55995e-01   1.96452e-02  -1.38632e-01   7.11077e-03
   15  -1.53306e-01   3.34084e-02  -1.42798e-01   2.57966e-02
   20  -1.23931e-01  -3.50590e-02  -1.18345e-01  -3.94245e-02
    4  -7.62411e-02   2.43482e-01   6.45643e-02   2.60177e-01
   22  -5.55571e-02   2.18282e-01   2.75655e-02   1.92347e-01
   23  -5.61714e-02   2.21576e-01  -3.16836e-02   2.23288e-01
    6  -4.79496e-02   1.34660e-01   2.88117e-01   1.96123e-01
   24  -3.00319e-02   2.21121e-01   3.58727e-02   2.01179e-01
   21   2.95101e-02   1.94122e-01   1.20081e-01   2.08145e-01
   25   3.75380e-02   2.03388e-01   1.11957e-01   2.13554e-01
    8   5.31435e-02  -2.77558e-01   2.62007e-01  -1.82453e-01
    5   6.63773e-02   2.59120e-01   2.78699e-01   2.09058e-01
   29   1.07078e-01   8.01570e-02   1.28435e-01   8.58159e-02
   26   1.13433e-01   2.11762e-01   1.18887e-01   2.10837e-01
   35   1.39412e-01  -6.42861e-02   1.58548e-01  -5.72106e-02
   32   1.84147e-01   1.00135e-01   2.00459e-01   1.04663e-01
#! 
#^
# Automatically generated edge file
#
#+       alpha 0.0 beta -50.0
#
# format :
# index    x1    y1    x2    y2 
#
 
    7   2.34068e-01  -2.31594e-01   2.71475e-01   1.34171e-01
    3  -1.36628e-01  -2.26712e-01  -1.59471e-01   1.58626e-01
   27   5.13128e-02  -5.95012e-02   5.10660e-02   1.60843e-02
   34   8.09116e-02  -5.96317e-02   8.25091e-02   1.61099e-02
   28   4.89791e-02   1.75435e-02   5.96882e-03   8.28560e-02
   33   8.45798e-02   1.71644e-02   1.29124e-01   8.41019e-02
   30   6.48843e-02   3.92782e-02   3.59920e-02   8.59146e-02
   31   6.96007e-02   3.95573e-02   9.89622e-02   8.61133e-02
    2  -1.58912e-01   1.60824e-01  -1.03163e-01   2.33844e-01
    5   2.59079e-01   1.72410e-01   2.01537e-01   2.31638e-01
   22   6.52210e-03   1.91767e-01   9.59629e-03   2.14985e-01
   25   1.21344e-01   1.93672e-01   3.46170e-02   1.95540e-01
   24   3.44163e-02   1.97798e-01   3.35023e-02   2.15993e-01
    6  -1.52482e-01   1.62627e-01   2.43828e-01   1.58238e-01
    8  -1.33139e-01  -2.30243e-01   2.24776e-01  -2.35616e-01
    4  -1.00565e-01   2.34117e-01   1.99034e-01   2.30758e-01
   29   9.19490e-03   8.54806e-02   3.36094e-02   8.56867e-02
   21   9.15557e-03   1.90514e-01   1.18945e-01   1.89073e-01
   23   1.19897e-02   2.15739e-01   3.09204e-02   2.16215e-01
   35   5.26296e-02  -6.14066e-02   7.98132e-02  -6.11945e-02
   32   1.01362e-01   8.59073e-02   1.27035e-01   8.62828e-02
#! 
#^
# Automatically generated edge file
#
#+        alpha 0.0  beta -70.0
#
# format :
# index    x1    y1    x2    y2 
#
 
   10   7.03560e-02  -2.80274e-01   1.99224e-01  -1.63282e-01
    7   3.47079e-02  -2.22845e-01   4.35345e-02  -4.86028e-02
    3  -2.52147e-01  -1.69586e-01  -2.86978e-01   1.98795e-01
   10   2.01329e-01  -1.61562e-01   2.23072e-01  -1.39518e-01
    9   2.22025e-01  -1.37514e-01   2.37584e-01  -1.58137e-02
   34  -1.10377e-01  -6.43897e-02  -1.14466e-01   1.48043e-02
   27  -1.32783e-01  -5.95537e-02  -1.38516e-01   2.34767e-02
   37   1.17651e-01  -4.60903e-02   1.28836e-01   1.08790e-01
    7   4.14651e-02  -2.41399e-02   4.41596e-02   5.02229e-02
   47   1.73443e-01  -1.42423e-02   1.75786e-01   8.76748e-03
   45   1.35454e-01  -9.33438e-03   1.37944e-01   2.44020e-02
    9   2.38786e-01  -3.33415e-03   2.63718e-01   2.07383e-01
   33  -1.12232e-01   1.62318e-02  -8.17915e-02   7.68363e-02
   28  -1.41256e-01   2.46421e-02  -1.77455e-01   9.98583e-02
   30  -1.29631e-01   4.20259e-02  -1.55799e-01   9.86721e-02
   31  -1.26045e-01   4.20369e-02  -1.07219e-01   8.43932e-02
   43   1.75370e-01   4.49273e-02   1.78849e-01   7.09238e-02
   41   1.40252e-01   5.86771e-02   1.43383e-01   8.57769e-02
   39   1.85554e-01   1.04791e-01   1.88306e-01   1.30676e-01
    4   2.62111e-01   2.12223e-01  -2.86243e-02   2.58099e-01
    6  -2.79556e-01   2.02934e-01  -1.36494e-01   1.71653e-01
    2  -2.78510e-01   2.08506e-01  -3.02001e-02   2.57389e-01
    8  -2.48952e-01  -1.71119e-01  -4.19273e-02  -2.81519e-01
   29  -1.73924e-01   1.02295e-01  -1.59083e-01   9.85368e-02
    6  -1.35770e-01   1.70688e-01   2.46744e-02   1.35289e-01
   35  -1.30471e-01  -6.08983e-02  -1.12958e-01  -6.74459e-02
   32  -1.04663e-01   8.41958e-02  -8.44941e-02   7.92427e-02
   21  -8.70638e-02   2.05080e-01   7.44015e-03   1.87486e-01
   22  -8.66828e-02   2.07462e-01   7.48490e-03   2.28600e-01
   24  -4.93490e-02   2.08311e-01   1.59969e-02   2.23010e-01
   25  -4.50585e-02   2.05228e-01   1.71414e-02   1.93298e-01
    5   7.13270e-02   1.38637e-01   2.57986e-01   2.07688e-01
   36   1.21600e-01  -4.79275e-02   1.72118e-01  -1.54065e-02
   38   1.30994e-01   1.10286e-01   1.85442e-01   1.33562e-01
   46   1.37982e-01  -9.80859e-03   1.71922e-01   1.12019e-02
   44   1.40771e-01   2.64975e-02   1.73331e-01   4.47042e-02
   42   1.43305e-01   5.67534e-02   1.75921e-01   7.33485e-02
   40   1.46015e-01   8.67326e-02   1.84204e-01   1.04233e-01
#! 
#^
# Automatically generated edge file
#
#+         alpha 0.0  beta -100.0
#
# format :
# index    x1    y1    x2    y2 
#
 
    8  -1.04199e-01  -2.67320e-01  -2.47388e-01  -1.01911e-01
    7  -1.00485e-01  -2.65445e-01  -9.93416e-02  -2.35003e-01
    7  -1.01995e-01  -1.87483e-01  -1.05048e-01  -1.68194e-02
    9   1.96574e-01  -1.58385e-01   2.35716e-01   2.01254e-01
    3  -2.46523e-01  -9.97754e-02  -2.65622e-01   1.13576e-01
   37   1.04465e-02  -3.14604e-02   1.49744e-02   1.19725e-01
   34  -1.82377e-01  -1.68560e-02  -1.88097e-01   5.98230e-02
   27  -1.92757e-01  -1.44874e-02  -2.00043e-01   6.61317e-02
   47   1.00992e-01  -1.07241e-02   1.02242e-01   1.46007e-02
   45   3.67623e-02   2.74165e-03   3.79488e-02   3.42459e-02
    7  -1.08439e-01   6.33545e-03  -1.10438e-01   8.06849e-02
   43   9.92524e-02   5.02461e-02   1.01023e-01   7.44859e-02
   33  -1.86112e-01   6.11859e-02  -1.75544e-01   1.10735e-01
   28  -2.02181e-01   6.73227e-02  -2.22972e-01   1.35479e-01
   41   3.89835e-02   6.73203e-02   4.06840e-02   9.38081e-02
   30  -1.96986e-01   7.99193e-02  -2.11941e-01   1.33315e-01
   31  -1.94265e-01   7.94780e-02  -1.89476e-01   1.13684e-01
   39   1.09535e-01   1.07282e-01   1.10924e-01   1.35246e-01
    3  -2.66411e-01   1.18393e-01  -2.75216e-01   2.30538e-01
    4   2.33718e-01   2.04884e-01   1.78439e-02   2.63808e-01
    2  -2.73552e-01   2.35527e-01   1.58369e-02   2.62962e-01
    6  -2.68442e-01   2.30011e-01  -1.17160e-01   1.54395e-01
   29  -2.19917e-01   1.36908e-01  -2.14759e-01   1.34019e-01
   35  -1.90500e-01  -1.54845e-02  -1.85917e-01  -1.86163e-02
   32  -1.85960e-01   1.16639e-01  -1.77977e-01   1.12387e-01
   22  -1.19335e-01   2.23463e-01   3.52656e-03   2.36089e-01
   21  -1.16484e-01   2.21020e-01  -6.45844e-02   2.01606e-01
   10  -8.97597e-02  -2.68129e-01   1.93438e-01  -1.59116e-01
    5  -8.72401e-02   1.54898e-01   2.30088e-01   2.01100e-01
   25  -8.01479e-02   2.18786e-01  -4.79265e-02   2.07015e-01
   24  -7.89112e-02   2.22862e-01   9.31559e-03   2.31506e-01
   26  -6.26235e-02   2.03409e-01  -4.62776e-02   2.04251e-01
   36   1.31980e-02  -3.44337e-02   9.87249e-02  -1.22906e-02
   38   1.74492e-02   1.20684e-01   1.08171e-01   1.35667e-01
   46   4.02975e-02   6.60715e-04   1.00036e-01   1.53468e-02
   44   4.03626e-02   3.57514e-02   9.72400e-02   4.84065e-02
   42   4.06461e-02   6.52527e-02   9.85526e-02   7.66827e-02
   40   4.31141e-02   9.45590e-02   1.08497e-01   1.06283e-01
#! 
#^
# Automatically generated edge file
#
#+       alpha 0.0  beta -100.0
#
# format :
# index    x1    y1    x2    y2 
#
 
    8  -8.11446e-02  -2.52675e-01  -2.20549e-01  -8.09604e-02
    7  -7.96611e-02  -1.87521e-01  -8.43015e-02  -3.87406e-02
    9   1.95571e-01  -1.37583e-01   2.36899e-01   1.84182e-01
    3  -2.19817e-01  -7.90282e-02  -2.47430e-01   1.61039e-01
   37   2.23284e-02  -4.24234e-02   2.65742e-02   9.13760e-02
    7  -8.73961e-02  -3.75654e-02  -8.96824e-02   4.65901e-02
   34  -1.57887e-01  -2.42533e-02  -1.64536e-01   4.64743e-02
   27  -1.66784e-01  -2.21211e-02  -1.78057e-01   6.13213e-02
   47   1.06650e-01  -1.70108e-02   1.08129e-01   2.67461e-03
   45   4.66860e-02  -9.53674e-03   4.82576e-02   1.83969e-02
   43   1.05306e-01   3.55600e-02   1.06962e-01   5.94537e-02
   41   4.87960e-02   4.67023e-02   5.09887e-02   7.06593e-02
   33  -1.62361e-01   4.76714e-02  -1.52888e-01   8.65485e-02
    7  -9.32678e-02   4.77750e-02  -9.33939e-02   9.28791e-02
   28  -1.80709e-01   6.23904e-02  -2.00033e-01   1.22035e-01
   31  -1.70493e-01   6.36923e-02  -1.67076e-01   9.16613e-02
   30  -1.74131e-01   6.88148e-02  -1.89544e-01   1.17997e-01
   32  -1.54475e-01   8.83369e-02  -1.62789e-01   9.46090e-02
   39   1.15255e-01   8.78493e-02   1.17028e-01   1.12117e-01
    6  -1.05364e-01   1.18015e-01  -2.46898e-01   2.19914e-01
    3  -2.47814e-01   1.64575e-01  -2.53555e-01   2.21893e-01
    4   2.35515e-01   1.87906e-01   2.89120e-02   2.73166e-01
    2  -2.52076e-01   2.26538e-01   2.67668e-02   2.72111e-01
   29  -1.96872e-01   1.21931e-01  -1.92555e-01   1.18845e-01
   21  -1.00424e-01   2.06279e-01  -5.12597e-02   1.78135e-01
   22  -1.00422e-01   2.10200e-01   1.27925e-02   2.30335e-01
    5  -6.95232e-02   1.12449e-01   2.31315e-01   1.84061e-01
   10  -6.81671e-02  -2.52073e-01   1.93481e-01  -1.38660e-01
   24  -6.82159e-02   2.08215e-01   2.01329e-02   2.23938e-01
   25  -6.64747e-02   2.04195e-01  -3.46588e-02   1.86105e-01
   26  -4.91687e-02   1.79636e-01  -3.12809e-02   1.82656e-01
   36   2.54202e-02  -4.49822e-02   1.05972e-01  -1.82579e-02
   38   2.95155e-02   9.17088e-02   1.14797e-01   1.13337e-01
   46   4.98293e-02  -1.23016e-02   1.05448e-01   5.65887e-03
   44   5.12722e-02   1.89832e-02   1.02804e-01   3.44751e-02
   42   5.12030e-02   4.48066e-02   1.04087e-01   5.96585e-02
   40   5.38799e-02   7.10872e-02   1.13693e-01   8.67875e-02
#! 
#^
# Automatically generated edge file
#
#+        alpha 0.0 beta -70.0
#
# format :
# index    x1    y1    x2    y2 
#
 
    7   5.99089e-02  -2.80169e-01   6.24624e-02  -2.16729e-01
   10   7.11466e-02  -2.80814e-01   2.15140e-01  -1.17638e-01
    7   6.42090e-02  -2.15507e-01   7.44147e-02  -7.42165e-02
    3  -2.18458e-01  -1.54573e-01  -2.57680e-01   1.75647e-01
    9   2.19051e-01  -1.14496e-01   2.37404e-01  -3.47678e-03
   34  -7.61475e-02  -7.41227e-02  -7.99065e-02  -7.04498e-03
   27  -9.85809e-02  -6.80737e-02  -1.03907e-01   2.71971e-03
   37   1.35405e-01  -5.34132e-02   1.48545e-01   8.32595e-02
   36   1.40200e-01  -5.29634e-02   1.78834e-01  -1.77886e-02
    7   7.33584e-02  -5.22051e-02   7.66658e-02   1.23808e-02
   45   1.50916e-01  -1.67268e-02   1.54113e-01   1.22833e-02
   47   1.81876e-01  -1.56711e-02   1.85583e-01   6.31595e-03
   46   1.56966e-01  -1.43606e-02   1.81438e-01   7.52526e-03
   33  -7.80203e-02  -5.90272e-03  -4.69217e-02   4.48798e-02
   28  -1.06205e-01   3.83272e-03  -1.43320e-01   7.43250e-02
   31  -9.13409e-02   1.86004e-02  -7.22800e-02   5.40496e-02
   30  -9.52789e-02   1.96915e-02  -1.21241e-01   7.12225e-02
    9   2.40393e-01   2.22576e-02   2.66662e-01   2.02459e-01
   43   1.85251e-01   3.63927e-02   1.89673e-01   5.99328e-02
   41   1.56503e-01   4.28842e-02   1.60652e-01   6.72471e-02
    5   9.95710e-02   9.22294e-02   1.81799e-01   1.48499e-01
   39   1.96024e-01   9.16589e-02   1.99375e-01   1.14872e-01
    2  -2.58112e-01   1.82167e-01  -2.13477e-02   2.69288e-01
    6  -2.51047e-01   1.79228e-01  -1.25312e-01   1.42362e-01
    8  -2.16194e-01  -1.56296e-01   2.35895e-02  -2.80877e-01
   29  -1.40079e-01   7.63998e-02  -1.23610e-01   7.11798e-02
    6  -1.20594e-01   1.41114e-01   7.60217e-02   8.09201e-02
   35  -9.67543e-02  -7.00303e-02  -7.89695e-02  -7.71813e-02
   32  -6.94676e-02   5.34888e-02  -4.87497e-02   4.70692e-02
   21  -6.81210e-02   1.85599e-01   2.88822e-02   1.60504e-01
   22  -6.37084e-02   1.88541e-01   1.79795e-02   2.23279e-01
   25  -2.56817e-02   1.86620e-01   3.61087e-02   1.70187e-01
   24  -2.62404e-02   1.90644e-01   3.06098e-02   2.15561e-01
    4  -1.91983e-02   2.68184e-01   2.61444e-01   2.07798e-01
   23   1.99634e-02   2.21678e-01   2.96050e-02   2.19931e-01
   26   3.09434e-02   1.62686e-01   3.65263e-02   1.65360e-01
   38   1.51535e-01   8.43884e-02   1.96422e-01   1.16965e-01
   44   1.57324e-01   1.39643e-02   1.62734e-01   1.88016e-02
   42   1.59556e-01   4.06874e-02   1.85391e-01   6.13322e-02
   40   1.63634e-01   6.80225e-02   1.93400e-01   9.02070e-02
   44   1.65310e-01   2.13592e-02   1.82668e-01   3.61086e-02
    5   1.84157e-01   1.50175e-01   2.16902e-01   1.71846e-01
    5   2.20699e-01   1.74609e-01   2.31775e-01   1.81640e-01
    5   2.35655e-01   1.84319e-01   2.42663e-01   1.88889e-01
    5   2.46340e-01   1.91843e-01   2.61069e-01   2.00632e-01
#! 
#^
# Automatically generated edge file
#
#+       alpha 0.0  beta -50.0
#
# format :
# index    x1    y1    x2    y2 
#
 
    3  -1.30200e-01  -2.37781e-01  -1.62465e-01   1.20758e-01
    7   2.33012e-01  -2.36436e-01   2.79535e-01   7.68131e-02
   27   5.51519e-02  -8.51003e-02   5.57268e-02  -1.44081e-02
   34   8.52659e-02  -8.38666e-02   8.76485e-02  -1.43350e-02
   28   5.29700e-02  -1.29562e-02   9.70071e-03   4.72825e-02
   33   9.01762e-02  -1.32963e-02   1.35604e-01   4.89051e-02
   30   7.02313e-02   6.28425e-03   4.03491e-02   5.07447e-02
   31   7.41598e-02   6.39884e-03   1.05462e-01   5.14530e-02
    2  -1.60994e-01   1.22480e-01  -1.13727e-01   2.50180e-01
    5   2.69069e-01   1.46951e-01   2.05527e-01   2.50373e-01
   22   6.55600e-03   1.74559e-01   6.55600e-03   2.18445e-01
   26   1.26714e-01   1.74538e-01   1.25460e-01   1.79302e-01
   24   3.54876e-02   1.82943e-01   3.28365e-02   2.17325e-01
    6  -1.56227e-01   1.23539e-01   2.61436e-01   1.22840e-01
    8  -1.26580e-01  -2.40437e-01   2.20712e-01  -2.39892e-01
    4  -1.11333e-01   2.51718e-01   2.03091e-01   2.50327e-01
   21   9.22202e-03   1.72936e-01   1.23103e-01   1.72472e-01
   23   9.23558e-03   2.19693e-01   2.96158e-02   2.20215e-01
   29   1.20670e-02   4.95000e-02   3.76668e-02   5.01693e-02
   25   3.77170e-02   1.82307e-01   1.22917e-01   1.81407e-01
   35   5.64103e-02  -8.64901e-02   8.40089e-02  -8.61707e-02
   32   1.08227e-01   5.10629e-02   1.32632e-01   5.16261e-02
#! 
#^
# Automatically generated edge file
#
#+        alpha 0.0  beta -30.0
#
# format :
# index    x1    y1    x2    y2 
#
 
    3  -3.57243e-03  -2.80116e-01  -9.59742e-03  -6.91623e-02
    1  -4.08438e-02  -2.61745e-01  -7.44335e-02  -2.32132e-01
    1  -8.42175e-02  -2.23935e-01  -1.69931e-01  -1.48587e-01
    1  -1.72337e-01  -1.47135e-01  -1.84671e-01  -1.36239e-01
    7   2.41421e-01  -1.40135e-01   2.82309e-01   1.78018e-01
    0  -1.99248e-01  -1.23151e-01  -2.42159e-01   1.93988e-01
    3  -8.34035e-03  -6.80542e-02  -1.13630e-02   6.72423e-02
   27   1.40280e-01  -5.82639e-02   1.43756e-01   1.11373e-02
   12  -8.68672e-02  -5.21320e-02  -1.29572e-01   7.63511e-02
   34   1.59089e-01  -4.98207e-02   1.65187e-01   2.10922e-02
   19  -9.80303e-02  -4.73350e-02  -1.09050e-01  -1.28953e-02
   17  -1.40933e-01  -1.41728e-02  -1.37758e-01   1.32632e-03
   11  -1.52434e-01  -9.20028e-03  -1.31985e-01   7.43567e-02
   14  -1.15810e-01   8.70775e-03  -1.26078e-01   4.38777e-02
   28   1.41286e-01   1.26587e-02   1.17957e-01   5.70704e-02
   13  -1.33748e-01   1.74289e-02  -1.29235e-01   4.38948e-02
   33   1.67324e-01   2.20016e-02   1.97842e-01   9.05337e-02
   30   1.53999e-01   3.48249e-02   1.39085e-01   6.63523e-02
   31   1.57502e-01   3.46726e-02   1.80173e-01   8.61816e-02
    4  -2.39815e-01   2.01826e-01   3.31877e-02   2.68592e-01
    2  -2.35823e-01   1.97111e-01  -9.29230e-03   8.29316e-02
    1  -1.97142e-01  -1.24344e-01  -1.86245e-01  -1.34048e-01
   18  -1.34274e-01   3.73885e-03  -1.11637e-01  -1.13800e-02
   15  -1.31997e-01   1.59404e-02  -1.18166e-01   6.54513e-03
   20  -9.66688e-02  -4.83066e-02  -8.95359e-02  -5.34693e-02
   23  -5.70854e-02   2.06058e-01  -3.72692e-02   2.09969e-01
   22  -5.59246e-02   2.01910e-01   3.42658e-02   1.66909e-01
   24  -3.54413e-02   2.07720e-01   3.72383e-02   1.80372e-01
    6  -7.15786e-03   8.46602e-02   2.72805e-01   1.86151e-01
    8   1.74316e-02  -2.82050e-01   2.38978e-01  -1.41961e-01
    5   3.51906e-02   2.67499e-01   2.66752e-01   1.97250e-01
   21   3.63406e-02   1.68544e-01   1.10584e-01   1.91726e-01
   25   3.88018e-02   1.82519e-01   1.02177e-01   2.00418e-01
   26   1.03950e-01   1.98433e-01   1.10742e-01   1.96106e-01
   29   1.20248e-01   5.89648e-02   1.36512e-01   6.63414e-02
   35   1.42436e-01  -5.89965e-02   1.57055e-01  -5.11214e-02
   32   1.82810e-01   8.67192e-02   1.95049e-01   9.26500e-02
#! 
#^
# Automatically generated edge file
#
#
# format :
# index    x1    y1    x2    y2 
#
 
    8   1.20643e-01  -2.60782e-01   2.41388e-01  -7.99035e-02
    3   1.16005e-01  -2.49694e-01   1.33844e-01   8.77737e-02
    0  -1.75574e-01  -1.53306e-01  -2.20330e-01   1.74372e-01
    7   2.40715e-01  -7.78798e-02   2.68028e-01   1.57237e-01
   12   1.21891e-02  -4.84919e-02  -4.29430e-02   6.82785e-02
   19  -5.92791e-03  -4.49469e-02  -2.03279e-02  -1.30099e-02
   17  -7.08141e-02  -2.40131e-02  -6.14560e-02  -2.84653e-03
   11  -8.74815e-02  -1.79080e-02  -4.84934e-02   6.82724e-02
   27   1.98258e-01  -1.56540e-02   2.04530e-01   5.74300e-02
   14  -2.75734e-02   5.05665e-03  -4.18866e-02   3.89332e-02
   13  -5.60697e-02   1.14787e-02  -4.53378e-02   4.04777e-02
   28   2.02527e-01   5.88636e-02   1.96234e-01   9.26634e-02
   30   2.09746e-01   7.31571e-02   2.07035e-01   1.00023e-01
   31   2.12455e-01   7.34083e-02   2.26500e-01   1.27231e-01
   33   2.21613e-01   8.30279e-02   2.34072e-01   1.30601e-01
   29   1.98645e-01   9.44091e-02   2.04256e-01   1.00284e-01
    6   1.39352e-01   1.07532e-01   2.70326e-01   2.25068e-01
    4  -2.18653e-01   1.80465e-01  -1.74016e-02   2.73725e-01
    2  -2.12824e-01   1.76908e-01   1.35111e-01   1.03868e-01
    1  -1.73008e-01  -1.55532e-01   1.02030e-01  -2.61246e-01
   16  -8.58868e-02  -2.27928e-02  -7.23614e-02  -2.60538e-02
   18  -5.85906e-02  -3.39632e-03  -2.33547e-02  -1.32183e-02
   15  -5.45997e-02   9.86951e-03  -3.00929e-02   2.96962e-03
   22  -3.42750e-02   2.04250e-01   9.14469e-02   1.82570e-01
    5  -1.50881e-02   2.73007e-01   2.42476e-01   2.35744e-01
   24  -1.37809e-02   2.10297e-01   7.93074e-02   1.94682e-01
   20  -4.36302e-03  -4.63756e-02   9.23287e-03  -5.09361e-02
   25   8.06363e-02   1.97068e-01   1.16873e-01   2.19185e-01
   21   9.33630e-02   1.84356e-01   1.32134e-01   2.11301e-01
   26   1.18963e-01   2.17937e-01   1.33775e-01   2.15524e-01
#! 
