#^
# Automatically generated edge file
#
# image 0
#
# format :
# index    x1    y1    x2    y2 
#
 
   28   1.15597e-01  -2.71192e-01   1.39858e-01  -2.36143e-01
   26   2.16576e-01  -2.20545e-01   2.30505e-01  -1.84646e-01
   32   1.04231e-01  -2.03568e-01   1.14056e-01  -1.95242e-01
   32   1.15566e-01  -1.94241e-01   1.18673e-01  -1.90353e-01
    4   1.95004e-02  -1.52955e-01   1.74957e-02   1.44557e-01
    2  -1.47050e-01  -1.51578e-01  -1.47881e-01   1.42224e-01
    3  -1.37038e-01  -1.28618e-01  -1.36940e-01   1.70082e-01
    6   1.56578e-01  -5.61823e-02   1.56233e-01  -1.87546e-02
    6   1.56003e-01  -5.54182e-03   1.55583e-01   2.61133e-02
    6   1.55273e-01   3.32900e-02   1.54853e-01   8.90221e-02
    6   1.54239e-01   1.15539e-01   1.53396e-01   1.45621e-01
   10  -3.85556e-01  -2.26189e-01  -2.91363e-01  -1.97934e-01
    9  -3.85911e-01  -1.93471e-01  -2.92927e-01  -1.70223e-01
    7  -3.85287e-01   2.79646e-01  -2.89687e-01   2.40074e-01
    1  -2.80665e-01   1.88835e-01  -2.12213e-01   1.65227e-01
   11  -2.77873e-01  -1.90933e-01  -1.50551e-01  -1.53130e-01
    7  -2.76113e-01   2.32699e-01  -1.64291e-01   1.85755e-01
    1  -2.00222e-01   1.61046e-01  -1.49996e-01   1.43787e-01
   18  -1.86717e-01  -2.61307e-01  -1.47743e-01  -2.40570e-01
    7  -1.58396e-01   1.83329e-01  -1.38658e-01   1.75245e-01
   13  -1.46065e-01  -1.50969e-01   1.13014e-02  -1.56305e-01
   12  -1.39655e-01  -1.30983e-01   9.79720e-03  -1.36251e-01
    8  -1.33948e-01   1.71461e-01   5.58605e-02   1.82718e-01
   18  -1.32896e-01  -2.33458e-01  -9.11891e-02  -2.12609e-01
   19  -1.32880e-01  -2.07602e-01  -8.42117e-02  -2.08909e-01
   20  -1.32609e-01  -2.03779e-01  -5.94626e-02  -1.73277e-01
   29  -8.91094e-03  -2.02356e-01   1.02338e-01  -2.06713e-01
    5   2.05862e-02   1.47584e-01   5.68386e-02   1.50035e-01
   15   3.01938e-02  -1.52460e-01   1.52531e-01  -1.56235e-01
   31   3.14020e-02  -1.85533e-01   1.18576e-01  -1.88646e-01
   23   3.69035e-02  -1.70292e-01   1.59126e-01  -1.73867e-01
   14   3.68106e-02  -1.25676e-01   1.52100e-01  -1.28138e-01
    8   1.13486e-01   1.86975e-01   3.24948e-01   1.98216e-01
    5   1.14841e-01   1.52983e-01   1.49771e-01   1.54673e-01
   27   1.56492e-01  -2.20394e-01   2.15377e-01  -2.22529e-01
   17   1.57719e-01  -1.59851e-01   3.27239e-01  -1.64211e-01
   16   1.65963e-01  -1.39305e-01   3.28614e-01  -1.41367e-01
#! 
#^
# Automatically generated edge file
#
# image 1
#
# format :
# index    x1    y1    x2    y2 
#
 
   28   1.24200e-01  -2.71486e-01   1.52163e-01  -2.21769e-01
   18  -1.31354e-01  -2.27457e-01  -7.79353e-02  -1.94185e-01
   28   1.53725e-01  -2.19444e-01   1.63691e-01  -2.03804e-01
   26   2.26460e-01  -2.06177e-01   2.43589e-01  -1.55961e-01
   32   1.14592e-01  -1.85644e-01   1.31129e-01  -1.66740e-01
   20  -1.20506e-01  -1.84435e-01  -4.49347e-02  -1.44907e-01
   30   4.04550e-03  -1.79096e-01   3.32399e-02  -1.59192e-01
    4   3.14289e-02  -1.22721e-01   2.95642e-02   1.76002e-01
    2  -1.33573e-01  -1.20105e-01  -1.37264e-01   1.73608e-01
    3  -1.23915e-01  -9.61183e-02  -1.26438e-01   2.06220e-01
    6   1.68594e-01  -4.77491e-02   1.68634e-01  -3.08077e-02
    6   1.68704e-01  -1.38469e-02   1.68708e-01   6.49166e-04
    6   1.68378e-01   2.47322e-02   1.68482e-01   5.74807e-02
    6   1.68536e-01   6.23111e-02   1.68393e-01   9.37413e-02
   10  -3.85851e-01  -2.18016e-01  -2.75134e-01  -1.76503e-01
    9  -3.86002e-01  -1.84900e-01  -2.78130e-01  -1.49469e-01
    7  -3.38069e-01   2.80234e-01  -2.81341e-01   2.61857e-01
    1  -2.72148e-01   2.10613e-01  -2.01562e-01   1.91765e-01
    7  -2.67970e-01   2.55431e-01  -1.29189e-01   2.07849e-01
   11  -2.63299e-01  -1.68800e-01  -1.35602e-01  -1.21189e-01
    1  -1.89162e-01   1.88311e-01  -1.39370e-01   1.75106e-01
   18  -1.65170e-01  -2.49008e-01  -1.32899e-01  -2.28587e-01
   12  -1.27334e-01  -9.87742e-02   2.20110e-02  -1.05187e-01
    8  -1.23615e-01   2.04269e-01   6.93605e-02   2.14643e-01
   13  -1.22003e-01  -1.18725e-01   2.32205e-02  -1.25352e-01
   19  -1.19272e-01  -1.87826e-01  -7.08893e-02  -1.89848e-01
   21  -4.26744e-02  -1.46658e-01   1.54301e-03  -1.47585e-01
   29   2.99338e-03  -1.81592e-01   1.13641e-01  -1.87406e-01
    5   4.08160e-02   1.79490e-01   6.76168e-02   1.80907e-01
   31   4.18560e-02  -1.60716e-01   1.30647e-01  -1.64598e-01
   23   4.34893e-02  -1.41999e-01   1.71445e-01  -1.47052e-01
   15   4.76978e-02  -1.20896e-01   1.64883e-01  -1.25584e-01
   14   4.89168e-02  -9.41676e-02   1.62967e-01  -9.77910e-02
    8   1.26920e-01   2.18551e-01   3.41876e-01   2.28528e-01
    5   1.29532e-01   1.84072e-01   1.65778e-01   1.85571e-01
   27   1.65906e-01  -2.04161e-01   2.24913e-01  -2.07324e-01
   17   1.68514e-01  -1.30091e-01   3.37957e-01  -1.36303e-01
   16   1.76651e-01  -1.09811e-01   3.39429e-01  -1.13414e-01
#! 
#^
# Automatically generated edge file
#
# image 2
#
#+         alpha 0.0 beta 20.0
#
# format :
# index    x1    y1    x2    y2 
#
 
   18  -7.84506e-02  -2.71325e-01  -4.51136e-02  -2.11217e-01
   28   2.32964e-01  -2.71543e-01   2.08491e-01  -2.11156e-01
   20  -1.03501e-01  -2.07134e-01  -6.51605e-02  -1.60105e-01
   26   2.69974e-01  -2.05895e-01   2.36839e-01  -1.58596e-01
   30   2.31922e-02  -1.92845e-01   2.94283e-02  -1.73367e-01
   11  -2.34899e-01  -1.71290e-01  -1.85337e-01  -1.40792e-01
   15   1.34554e-01  -1.29746e-01   1.79057e-03  -1.30096e-01
    3  -1.74819e-01  -1.11658e-01  -1.81581e-01   2.07580e-01
    2  -1.81962e-01  -8.63584e-02  -1.87469e-01   1.41067e-01
    6   1.37054e-01  -5.63589e-02   1.34143e-01   1.19026e-01
    4  -6.82284e-03   2.23823e-02  -9.55002e-03   1.78416e-01
    6   1.34131e-01   1.21622e-01   1.33379e-01   1.73413e-01
    9  -3.85950e-01  -2.33672e-01  -2.87620e-01  -1.77809e-01
   10  -3.83615e-01  -2.72450e-01  -2.81818e-01  -2.06515e-01
    1  -2.85916e-01   2.20360e-01  -2.35084e-01   1.97646e-01
    7  -2.75770e-01   2.65027e-01  -1.83968e-01   2.13460e-01
   11  -2.72630e-01  -1.96609e-01  -2.36077e-01  -1.72617e-01
    1  -2.24313e-01   1.92862e-01  -1.90921e-01   1.77994e-01
    8  -1.78772e-01   2.07824e-01   3.81682e-02   2.14973e-01
   12  -1.77209e-01  -1.13931e-01  -1.44339e-02  -1.14724e-01
   13  -1.71698e-01  -1.34895e-01  -1.32903e-02  -1.35525e-01
   19  -1.01683e-01  -2.09083e-01  -4.68116e-02  -2.08884e-01
   21  -6.28867e-02  -1.60725e-01  -1.56461e-02  -1.59985e-01
    5  -6.35598e-03   1.78817e-01   3.65254e-02   1.80859e-01
   23  -4.85314e-03  -1.51854e-01   5.58699e-02  -1.51496e-01
   14   8.52981e-03  -1.02081e-01   2.71478e-02  -1.02263e-01
   29   2.59342e-02  -1.95047e-01   1.39160e-01  -1.94878e-01
   31   3.15312e-02  -1.71324e-01   1.35000e-01  -1.70389e-01
   14   3.40888e-02  -1.02222e-01   5.56103e-02  -1.01807e-01
   14   6.21033e-02  -1.00896e-01   1.13104e-01  -1.00980e-01
    8   9.07003e-02   2.17608e-01   3.58433e-01   2.23925e-01
    5   9.34732e-02   1.82369e-01   1.29590e-01   1.83678e-01
   17   1.44204e-01  -1.34619e-01   3.44865e-01  -1.31600e-01
   23   1.45976e-01  -1.51038e-01   1.76645e-01  -1.50775e-01
   16   1.45747e-01  -1.13125e-01   3.58288e-01  -1.09404e-01
   25   1.86251e-01  -1.58877e-01   2.34489e-01  -1.58853e-01
   27   2.11639e-01  -2.08712e-01   2.66781e-01  -2.08377e-01
#! 
#^
# Automatically generated edge file
#
# image 3
#
#+        alpha 0.0 beta 40.0
#
# format :
# index    x1    y1    x2    y2 
#
 
   18  -1.46236e-02  -2.59465e-01  -3.62110e-02  -2.17213e-01
   28   2.66916e-01  -2.42307e-01   2.26553e-01  -2.15700e-01
   20  -1.01733e-01  -2.15820e-01  -1.13589e-01  -1.70177e-01
   30   1.16794e-02  -1.94963e-01  -2.23494e-03  -1.77111e-01
   32   1.25650e-01  -1.88780e-01   9.67883e-02  -1.67753e-01
    6   6.15100e-02  -1.16588e-01   6.12664e-02  -9.97442e-02
    4  -7.99669e-02  -9.73217e-02  -8.03907e-02  -7.83123e-03
    6   6.16391e-02  -9.62381e-02   5.91191e-02   1.78257e-01
    2  -2.61082e-01  -9.47348e-02  -2.65453e-01   1.48114e-01
    0  -3.00589e-01  -7.07074e-02  -3.02551e-01   4.26289e-03
    4  -8.14213e-02   6.83690e-02  -8.25286e-02   1.78416e-01
    1  -2.69890e-01   1.90568e-01  -3.01071e-01   2.33853e-01
    7  -2.61993e-01   2.22621e-01  -2.94919e-01   2.78487e-01
    8  -2.70147e-01   2.18071e-01  -3.59244e-02   2.14300e-01
   13  -2.57878e-01  -1.45774e-01  -8.58679e-02  -1.40176e-01
   12  -2.57987e-01  -1.23443e-01  -8.84000e-02  -1.19075e-01
   19  -1.00516e-01  -2.18125e-01  -3.84874e-02  -2.14878e-01
    5  -8.00422e-02   1.79625e-01  -3.61854e-02   1.80044e-01
   15  -7.49336e-02  -1.34457e-01   4.63470e-02  -1.29417e-01
   23  -6.41231e-02  -1.56469e-01   4.63120e-02  -1.51363e-01
   14  -5.60560e-02  -1.05597e-01   4.60968e-02  -1.02219e-01
   31   3.94020e-04  -1.73600e-01   9.45899e-02  -1.68754e-01
   29   1.39572e-02  -1.97349e-01   1.28177e-01  -1.91275e-01
    8   2.19598e-02   2.14518e-01   2.64372e-01   2.08242e-01
    5   2.45767e-02   1.79688e-01   5.66570e-02   1.79307e-01
   17   5.86590e-02  -1.34321e-01   2.53490e-01  -1.24635e-01
   16   7.03332e-02  -1.12842e-01   2.64037e-01  -1.03505e-01
   26   1.86156e-01  -1.56315e-01   2.55873e-01  -1.93989e-01
   27   2.05071e-01  -2.00521e-01   2.54732e-01  -1.97814e-01
   28   2.09083e-01  -2.04534e-01   2.23529e-01  -2.13410e-01
   28   2.68247e-01  -2.43917e-01   2.83076e-01  -2.53881e-01
#! 
#^
# Automatically generated edge file
#
# image 4
# 
#+        alpha 0.0  beta 20.0
#
# format :
# index    x1    y1    x2    y2 
#
 
   18  -7.98539e-02  -2.71518e-01  -2.44963e-02  -1.84439e-01
   28   2.74549e-01  -2.53484e-01   2.36080e-01  -1.85506e-01
   26   2.98197e-01  -1.80426e-01   2.62479e-01  -1.42432e-01
   20  -8.26496e-02  -1.79594e-01  -5.31620e-02  -1.49319e-01
   30   4.48482e-02  -1.68695e-01   5.27041e-02  -1.50762e-01
   32   1.65110e-01  -1.68887e-01   1.59053e-01  -1.51127e-01
   15   1.78926e-02  -1.17913e-01   1.53772e-01  -1.17769e-01
    4   1.47564e-02  -1.09410e-01   1.35994e-02   1.63498e-02
    3  -1.57645e-01  -9.73532e-02  -1.61054e-01   2.24436e-01
    6   1.59034e-01  -7.20244e-02   1.55948e-01   1.89251e-01
    2  -1.64508e-01  -7.06433e-02  -1.67472e-01   1.57955e-01
    4   1.29684e-02   3.69134e-02   1.22418e-02   1.95448e-01
    7  -1.99632e-01   2.57592e-01  -2.31774e-01   2.79497e-01
   10  -3.76522e-01  -2.37441e-01  -2.65617e-01  -1.78822e-01
    9  -3.76484e-01  -1.96166e-01  -2.69903e-01  -1.48817e-01
    1  -2.63126e-01   2.52009e-01  -2.13534e-01   2.22118e-01
   11  -2.55257e-01  -1.69837e-01  -1.65128e-01  -1.23452e-01
    1  -2.02874e-01   2.15758e-01  -1.72116e-01   1.97373e-01
    7  -1.98593e-01   2.55972e-01  -1.77389e-01   2.42229e-01
   12  -1.59753e-01  -9.98760e-02   5.70845e-03  -1.01179e-01
    8  -1.58125e-01   2.24618e-01   5.96264e-02   2.31670e-01
   13  -1.55646e-01  -1.21062e-01   5.61158e-03  -1.22250e-01
   19  -8.03961e-02  -1.82211e-01  -2.53171e-02  -1.82188e-01
   21  -5.24435e-02  -1.44498e-01   5.63176e-03  -1.42461e-01
    5   1.51829e-02   1.95683e-01   5.82486e-02   1.97482e-01
   14   2.86964e-02  -8.91957e-02   4.59945e-02  -8.93650e-02
   29   4.88562e-02  -1.71126e-01   1.66004e-01  -1.71313e-01
   14   5.41801e-02  -8.95125e-02   7.43171e-02  -8.92767e-02
    8   1.13507e-01   2.34223e-01   3.71747e-01   2.39986e-01
    5   1.14962e-01   1.99058e-01   1.52384e-01   2.00213e-01
   17   1.67492e-01  -1.21971e-01   3.71777e-01  -1.19868e-01
   16   1.67129e-01  -1.00284e-01   3.71534e-01  -9.74487e-02
   25   2.06045e-01  -1.42803e-01   2.60007e-01  -1.43019e-01
   27   2.38472e-01  -1.82881e-01   2.97571e-01  -1.82745e-01
#! 
#^
# Automatically generated edge file
#
# image 5
# 
#
# format :
# index    x1    y1    x2    y2 
#
 
   28   1.75227e-01  -2.62941e-01   1.94520e-01  -2.45188e-01
   26   2.76386e-01  -2.52225e-01   3.15369e-01  -1.96572e-01
    0  -3.02505e-01  -1.83164e-01  -3.03901e-01  -1.34852e-01
    6   2.36043e-01  -1.54261e-01   2.36123e-01  -1.18101e-01
    4   7.82174e-02  -1.42070e-01   8.05235e-02   2.11245e-01
    0  -3.02344e-01  -1.33617e-01  -3.04242e-01   3.69170e-02
    2  -1.09099e-01  -1.33761e-01  -1.07216e-01   2.03537e-01
    3  -9.44827e-02  -1.06961e-01  -9.13115e-02   2.34130e-01
    0  -3.03779e-01   6.59683e-02  -3.01246e-01   2.14709e-01
    6   2.40859e-01   7.19936e-02   2.41111e-01   1.39727e-01
    0  -3.00666e-01   2.38911e-01  -3.00202e-01   2.61860e-01
    7  -9.11487e-02   2.38792e-01  -1.24943e-01   2.51732e-01
   10  -3.85694e-01  -2.05088e-01  -3.11348e-01  -1.86545e-01
    9  -3.85761e-01  -1.69767e-01  -3.15751e-01  -1.55378e-01
   11  -2.97870e-01  -1.80324e-01  -1.11300e-01  -1.33825e-01
    1  -2.98271e-01   2.63998e-01  -1.96202e-01   2.31688e-01
   18  -2.35524e-01  -2.73016e-01  -9.68668e-02  -2.16667e-01
    7  -2.00832e-01   2.80051e-01  -1.30411e-01   2.53878e-01
    1  -1.81191e-01   2.26824e-01  -1.09647e-01   2.04332e-01
   20  -1.49979e-01  -2.06617e-01  -2.57328e-02  -1.63790e-01
   19  -1.46386e-01  -2.08952e-01  -9.52078e-02  -2.13958e-01
   12  -1.01922e-01  -1.08885e-01   6.76034e-02  -1.20792e-01
    8  -8.81753e-02   2.35593e-01   1.17601e-01   2.53710e-01
   13  -8.70277e-02  -1.32618e-01   6.88291e-02  -1.44613e-01
   21  -2.38196e-02  -1.65477e-01   2.84259e-02  -1.68341e-01
   29   5.80801e-03  -2.08287e-01   1.39979e-01  -2.21376e-01
   30   8.59304e-03  -2.05196e-01   5.76674e-02  -1.83136e-01
   31   5.96183e-02  -1.84272e-01   8.90939e-02  -1.87076e-01
    5   8.37996e-02   2.11966e-01   1.32225e-01   2.15813e-01
   31   9.16784e-02  -1.87289e-01   1.76345e-01  -1.94425e-01
   15   9.18103e-02  -1.40371e-01   2.33233e-01  -1.50340e-01
   23   1.00012e-01  -1.65167e-01   2.41269e-01  -1.75918e-01
   14   9.99541e-02  -1.09185e-01   2.34318e-01  -1.16729e-01
   32   1.41638e-01  -2.18952e-01   1.72345e-01  -1.98056e-01
    5   1.92792e-01   2.20297e-01   2.37237e-01   2.23480e-01
    8   1.93029e-01   2.61270e-01   3.71741e-01   2.75706e-01
   27   1.96822e-01  -2.46194e-01   2.74826e-01  -2.54076e-01
   17   2.38735e-01  -1.55960e-01   3.58328e-01  -1.63296e-01
   16   2.47968e-01  -1.31070e-01   3.71815e-01  -1.37521e-01
#! 
#^
# Automatically generated edge file
#
# image 6
#
#
# format :
# index    x1    y1    x2    y2 
#
 
   28   1.37968e-01  -2.55989e-01   1.56847e-01  -2.34304e-01
   28   1.58449e-01  -2.32270e-01   1.73958e-01  -2.14632e-01
   28   1.80509e-01  -2.07241e-01   2.01028e-01  -1.85369e-01
   26   2.81469e-01  -1.92803e-01   3.23612e-01  -1.24081e-01
   32   1.72783e-01  -1.34452e-01   1.80536e-01  -1.28281e-01
   24   2.63692e-01  -1.14002e-01   2.71433e-01  -1.03750e-01
    0  -2.84532e-01  -1.13033e-01  -2.86820e-01  -6.83236e-02
    6   2.45719e-01  -7.54519e-02   2.46389e-01  -3.57421e-02
    4   8.93898e-02  -6.10418e-02   9.34315e-02   2.78802e-01
    2  -9.54810e-02  -5.13628e-02  -9.84342e-02   2.78785e-01
    0  -2.87779e-01  -4.29078e-02  -2.93238e-01   1.02219e-01
    3  -8.13325e-02  -2.35863e-02  -8.17092e-02   1.19189e-01
    6   2.53685e-01   1.09408e-01   2.56551e-01   2.20871e-01
    3  -8.18680e-02   1.21613e-01  -8.26214e-02   2.78814e-01
    0  -2.94046e-01   1.31234e-01  -2.97461e-01   2.78795e-01
   10  -3.85773e-01  -1.47971e-01  -2.94161e-01  -1.17933e-01
    9  -3.85606e-01  -1.12281e-01  -2.96996e-01  -8.72267e-02
   11  -2.79087e-01  -1.10010e-01  -9.78893e-02  -5.16543e-02
   18  -2.55535e-01  -2.40160e-01  -8.21935e-02  -1.51219e-01
   20  -1.33951e-01  -1.39644e-01  -1.37262e-02  -8.73791e-02
   19  -1.31339e-01  -1.42611e-01  -8.18343e-02  -1.48689e-01
   12  -8.68232e-02  -2.58491e-02   7.96920e-02  -3.95783e-02
   13  -8.02440e-02  -4.85546e-02   8.11908e-02  -6.31969e-02
   21  -1.17175e-02  -8.87675e-02   3.66922e-02  -9.32291e-02
   30   2.06131e-02  -1.37236e-01   6.82855e-02  -1.10456e-01
   29   2.18818e-02  -1.41488e-01   1.48330e-01  -1.56535e-01
   23   6.36398e-02  -8.46023e-02   9.46975e-02  -8.64709e-02
   31   7.03682e-02  -1.11809e-01   1.84400e-01  -1.23701e-01
   15   1.05423e-01  -5.81730e-02   2.42428e-01  -6.98862e-02
   23   1.09587e-01  -8.80685e-02   2.52132e-01  -1.01141e-01
   14   1.12142e-01  -2.75301e-02   2.43827e-01  -3.69587e-02
   32   1.49830e-01  -1.54093e-01   1.71266e-01  -1.36380e-01
   27   2.03607e-01  -1.86393e-01   2.80197e-01  -1.95759e-01
   17   2.48224e-01  -7.66964e-02   3.36688e-01  -8.43544e-02
   16   2.58788e-01  -5.27113e-02   3.71735e-01  -6.02859e-02
   25   2.60033e-01  -1.15864e-01   3.20499e-01  -1.21119e-01
#! 
#^
# Automatically generated edge file
#
# image 7
#
# format :
# index    x1    y1    x2    y2 
#
 
   26   3.02889e-01  -2.71368e-01   3.28503e-01  -2.27337e-01
   32   1.72591e-01  -2.42624e-01   1.85214e-01  -2.30774e-01
    0  -2.87705e-01  -2.17028e-01  -2.89102e-01  -1.68715e-01
   24   2.66974e-01  -2.17187e-01   2.73689e-01  -2.09921e-01
    6   2.47841e-01  -1.79693e-01   2.47776e-01  -1.39738e-01
    4   9.01123e-02  -1.65048e-01   9.24049e-02   1.88075e-01
    2  -9.60716e-02  -1.53946e-01  -9.61967e-02   1.81915e-01
    0  -2.89433e-01  -1.44496e-01  -2.91273e-01   6.41910e-04
    3  -8.14805e-02  -1.26481e-01  -8.03624e-02   2.14938e-01
    6   2.52615e-01   6.66478e-03   2.53392e-01   1.17923e-01
    0  -2.91504e-01   2.84572e-02  -2.91452e-01   1.77214e-01
    6   2.53471e-01   1.46980e-01   2.52844e-01   1.87990e-01
    0  -2.90208e-01   2.02611e-01  -2.90208e-01   2.25590e-01
   10  -3.85831e-01  -2.49464e-01  -2.96533e-01  -2.20573e-01
    9  -3.85731e-01  -2.13446e-01  -3.00783e-01  -1.89929e-01
    1  -2.87459e-01   2.28015e-01  -1.86617e-01   2.03667e-01
   11  -2.83518e-01  -2.13552e-01  -9.78920e-02  -1.54578e-01
    7  -2.80679e-01   2.79372e-01  -1.21130e-01   2.30446e-01
    1  -1.70688e-01   1.99754e-01  -9.89078e-02   1.82591e-01
   19  -1.36767e-01  -2.47021e-01  -8.31945e-02  -2.53909e-01
   20  -1.33762e-01  -2.43559e-01  -1.38433e-02  -1.91248e-01
   18  -1.15804e-01  -2.72639e-01  -8.32201e-02  -2.56962e-01
    7  -1.15373e-01   2.29133e-01  -8.32174e-02   2.19009e-01
   12  -8.80892e-02  -1.28625e-01   7.98293e-02  -1.43024e-01
    8  -7.78021e-02   2.15389e-01   1.33777e-01   2.31635e-01
   13  -7.23666e-02  -1.52621e-01   8.06849e-02  -1.66804e-01
   21  -1.17094e-02  -1.92754e-01   3.66223e-02  -1.97421e-01
   29   1.63588e-02  -2.46275e-01   1.49820e-01  -2.62513e-01
   30   2.05646e-02  -2.42401e-01   6.93538e-02  -2.14977e-01
   22   3.74982e-02  -1.94839e-01   6.18046e-02  -1.86911e-01
   23   6.36451e-02  -1.88625e-01   9.61237e-02  -1.90748e-01
   31   7.17688e-02  -2.16611e-01   1.87185e-01  -2.28879e-01
    5   9.45993e-02   1.89325e-01   1.33473e-01   1.92310e-01
   15   1.10754e-01  -1.62272e-01   2.45099e-01  -1.73747e-01
   14   1.12058e-01  -1.30843e-01   2.45439e-01  -1.40361e-01
   23   1.13357e-01  -1.92596e-01   2.52021e-01  -2.05292e-01
   32   1.51145e-01  -2.60218e-01   1.71290e-01  -2.43384e-01
    8   2.03427e-01   2.37911e-01   3.71707e-01   2.49619e-01
    5   2.05026e-01   1.96544e-01   2.49327e-01   1.99256e-01
   17   2.50771e-01  -1.80647e-01   3.40715e-01  -1.88264e-01
   16   2.59847e-01  -1.56180e-01   3.71738e-01  -1.63487e-01
   25   2.69549e-01  -2.21125e-01   3.26148e-01  -2.26192e-01
#! 
#^
# Automatically generated edge file
#
# image 8
#
#+         alpha 0.0  beta 20.0
#
# format :
# index    x1    y1    x2    y2 
#
 
   24   3.04674e-01  -2.70166e-01   2.96401e-01  -2.56801e-01
   22   4.79575e-02  -2.63933e-01   5.63906e-02  -2.54127e-01
    2  -1.47086e-01  -2.26643e-01  -1.51701e-01   1.07146e-01
    3  -1.38228e-01  -1.95414e-01  -1.41668e-01   1.83250e-01
   14   1.41802e-01  -1.88097e-01   8.24784e-02  -1.87122e-01
    4   6.42129e-02  -1.86815e-01   6.09139e-02   1.49397e-01
    0  -2.96588e-01  -1.84396e-01  -2.98577e-01  -5.74159e-02
    6   2.39681e-01  -1.36077e-01   2.34546e-01   1.48123e-01
    0  -2.99626e-01   1.99901e-02  -2.99626e-01   8.77172e-02
    0  -2.99626e-01   9.13454e-02  -2.99626e-01   1.26418e-01
    7  -1.40783e-01   1.88686e-01  -2.10692e-01   2.28122e-01
    1  -2.96444e-01   2.13882e-01  -2.17604e-01   1.78197e-01
    7  -2.81143e-01   2.68685e-01  -2.13024e-01   2.29221e-01
   11  -2.19668e-01  -2.72321e-01  -1.50283e-01  -2.29507e-01
    1  -2.04273e-01   1.72098e-01  -1.55724e-01   1.50499e-01
   12  -1.40810e-01  -1.97384e-01   5.41989e-02  -2.02783e-01
    8  -1.39479e-01   1.84363e-01   1.17539e-01   1.95989e-01
   13  -1.36862e-01  -2.22750e-01   5.54905e-02  -2.28387e-01
   21  -6.32234e-03  -2.65258e-01   4.75512e-02  -2.66250e-01
   23   5.97192e-02  -2.53054e-01   1.45464e-01  -2.54587e-01
    5   6.35994e-02   1.52280e-01   1.17707e-01   1.54751e-01
   15   7.30564e-02  -2.21020e-01   1.37793e-01  -2.22248e-01
   15   1.40531e-01  -2.22590e-01   2.26412e-01  -2.23573e-01
   14   1.49861e-01  -1.86916e-01   2.09232e-01  -1.88040e-01
    8   1.80458e-01   1.99746e-01   3.71752e-01   2.06819e-01
    5   1.83384e-01   1.57446e-01   2.30456e-01   1.59197e-01
   23   2.02276e-01  -2.55846e-01   2.45485e-01  -2.56261e-01
   17   2.38584e-01  -2.30624e-01   3.71745e-01  -2.32732e-01
   23   2.49082e-01  -2.56558e-01   2.93709e-01  -2.57255e-01
   16   2.49206e-01  -2.04526e-01   3.71746e-01  -2.04759e-01
   25   3.05604e-01  -2.71213e-01   3.71680e-01  -2.71266e-01
#! 
#^
# Automatically generated edge file
#
# image 9
#
#+       alpha 0.0  beta 20.0
#
# format :
# index    x1    y1    x2    y2 
#
 
   18  -4.61604e-02  -2.71332e-01   6.83286e-04  -1.96737e-01
   28   3.57121e-01  -2.71426e-01   3.34728e-01  -2.08787e-01
   20  -7.38385e-02  -1.88935e-01  -9.05221e-03  -1.15903e-01
   32   2.44812e-01  -1.75961e-01   2.41135e-01  -1.40925e-01
   30   9.17457e-02  -1.71048e-01   1.06361e-01  -1.35399e-01
   24   3.02609e-01  -1.22877e-01   2.98932e-01  -1.13092e-01
   15   2.40227e-01  -7.78889e-02   7.57217e-02  -7.40091e-02
    2  -1.38019e-01  -8.04069e-02  -1.44286e-01   1.05771e-01
    3  -1.29516e-01  -4.89803e-02  -1.38338e-01   2.78803e-01
    0  -2.91163e-01  -4.04648e-02  -2.97429e-01   8.40684e-02
    4   6.96350e-02  -4.04769e-02   6.71258e-02   2.78809e-01
    6   2.44252e-01   9.26381e-03   2.44575e-01   3.57536e-02
    6   2.44443e-01   4.90619e-02   2.45579e-01   2.78812e-01
    2  -1.44734e-01   1.08428e-01  -1.48820e-01   2.78803e-01
    0  -2.99200e-01   1.19133e-01  -3.05534e-01   2.78787e-01
   10  -3.85452e-01  -2.37986e-01  -2.88765e-01  -1.77322e-01
    9  -3.85405e-01  -1.91020e-01  -2.96852e-01  -1.43001e-01
   11  -2.77848e-01  -1.66590e-01  -2.20120e-01  -1.30120e-01
   11  -2.03555e-01  -1.19766e-01  -1.43684e-01  -8.38404e-02
   12  -1.31390e-01  -5.14402e-02   5.95994e-02  -5.62670e-02
   13  -1.27398e-01  -7.60687e-02   6.10861e-02  -8.12099e-02
   19  -7.21311e-02  -1.91232e-01  -2.24167e-03  -1.93957e-01
   21  -6.32638e-03  -1.16637e-01   5.03833e-02  -1.17947e-01
   23   6.47417e-02  -1.05084e-01   1.56356e-01  -1.07105e-01
   14   8.77888e-02  -4.10985e-02   1.44287e-01  -4.20431e-02
   29   9.45025e-02  -1.74163e-01   2.42663e-01  -1.79067e-01
   31   1.09383e-01  -1.35926e-01   2.38564e-01  -1.39498e-01
   14   1.56249e-01  -4.19209e-02   2.15876e-01  -4.22826e-02
   23   2.09068e-01  -1.08368e-01   2.46502e-01  -1.08901e-01
   17   2.41413e-01  -8.41113e-02   3.71745e-01  -8.68506e-02
   23   2.50573e-01  -1.09092e-01   2.96580e-01  -1.10379e-01
   16   2.53343e-01  -5.87088e-02   3.71745e-01  -5.96727e-02
   25   3.04565e-01  -1.24494e-01   3.66403e-01  -1.25300e-01
   27   3.36879e-01  -2.06674e-01   3.71739e-01  -2.08016e-01
#! 
#^
# Automatically generated edge file
#
# image 10
#
#+        alpha 0.0  beta 20.0
#
# format :
# index    x1    y1    x2    y2 
#
 
   20  -7.18284e-02  -2.70347e-01  -1.57793e-02  -2.20990e-01
   32   2.49751e-01  -2.65355e-01   2.46521e-01  -2.36580e-01
   30   9.29377e-02  -2.60464e-01   1.08242e-01  -2.31794e-01
   24   3.08644e-01  -2.19395e-01   3.02617e-01  -2.10784e-01
    2  -1.38201e-01  -1.84446e-01  -1.40757e-01   1.47096e-01
    3  -1.28695e-01  -1.54268e-01  -1.29920e-01   2.20598e-01
    4   7.23420e-02  -1.50533e-01   6.96444e-02   1.90512e-01
    0  -2.92532e-01  -1.45702e-01  -2.93071e-01   3.05832e-03
    6   2.47741e-01  -1.15500e-01   2.44208e-01   1.20463e-01
    0  -2.93097e-01   3.81313e-02  -2.92473e-01   2.07451e-01
    6   2.44353e-01   1.25275e-01   2.42646e-01   1.88023e-01
    9  -3.85735e-01  -2.59366e-01  -3.02163e-01  -2.25996e-01
   10  -3.18037e-01  -2.72314e-01  -2.97800e-01  -2.63957e-01
    1  -2.88587e-01   2.69826e-01  -2.09311e-01   2.25943e-01
   11  -2.84796e-01  -2.53390e-01  -1.39696e-01  -1.84746e-01
    1  -1.94962e-01   2.17993e-01  -1.43256e-01   1.89672e-01
    7  -1.89159e-01   2.65623e-01  -1.46513e-01   2.38574e-01
   12  -1.31420e-01  -1.56324e-01   6.22795e-02  -1.61554e-01
   13  -1.27376e-01  -1.81445e-01   6.37649e-02  -1.86985e-01
    8  -1.27311e-01   2.21933e-01   1.21726e-01   2.35534e-01
   21  -1.47084e-02  -2.16121e-01   5.28831e-02  -2.15893e-01
    5   7.16733e-02   1.91950e-01   1.24113e-01   1.94721e-01
   15   8.11222e-02  -1.81150e-01   2.37065e-01  -1.84095e-01
   14   9.05738e-02  -1.47214e-01   1.47109e-01  -1.48020e-01
   29   9.60174e-02  -2.63602e-01   2.46600e-01  -2.68163e-01
   31   1.10723e-01  -2.32106e-01   2.43900e-01  -2.35127e-01
   14   1.58881e-01  -1.47795e-01   2.22536e-01  -1.48167e-01
    8   1.90094e-01   2.40032e-01   3.71745e-01   2.48281e-01
    5   1.91596e-01   1.97809e-01   2.37189e-01   2.00105e-01
   23   2.57673e-01  -2.10220e-01   3.00429e-01  -2.10991e-01
   17   2.57213e-01  -1.89793e-01   3.71741e-01  -1.91562e-01
   16   2.57289e-01  -1.63451e-01   3.71746e-01  -1.63803e-01
   25   3.09905e-01  -2.21667e-01   3.71772e-01  -2.23541e-01
#! 
#^
# Automatically generated edge file
#
# image 11
#
#+         alpha 0.0  beta 40.0
#
# format :
# index    x1    y1    x2    y2 
#
 
   18   4.82252e-02  -2.58916e-01   2.29501e-02  -2.25742e-01
   18   1.93847e-02  -2.20568e-01   9.88698e-04  -1.96069e-01
   20  -1.02535e-01  -1.74440e-01  -1.30498e-01  -1.10536e-01
   11  -3.56082e-01  -1.68700e-01  -3.36376e-01  -1.29804e-01
   30   3.80269e-02  -1.44534e-01   1.06004e-02  -1.19595e-01
   11  -3.33569e-01  -1.26210e-01  -3.16810e-01  -9.62526e-02
   22  -6.84917e-02  -1.07013e-01  -7.30514e-02  -9.99232e-02
    6   7.43493e-02  -6.69606e-02   7.21227e-02   2.78819e-01
    2  -3.15196e-01  -2.60934e-02  -3.24691e-01   2.74962e-01
    4  -9.41207e-02  -1.38650e-02  -9.51809e-02   8.16580e-02
    4  -9.63757e-02   1.22791e-01  -9.77601e-02   2.78804e-01
    0  -3.77618e-01   1.57864e-01  -3.81034e-01   2.78820e-01
   13  -3.11579e-01  -8.74831e-02  -1.48824e-01  -8.12776e-02
   12  -3.11388e-01  -6.04745e-02  -1.03194e-01  -5.34672e-02
   21  -1.27176e-01  -1.11635e-01  -9.93356e-02  -1.10596e-01
   19  -1.00602e-01  -1.76811e-01  -2.24473e-02  -1.71328e-01
   21  -9.65654e-02  -1.09792e-01  -6.55210e-02  -1.08791e-01
   15  -8.69537e-02  -7.22603e-02   5.73028e-02  -6.53678e-02
   14  -8.29860e-02  -3.80121e-02   5.43119e-02  -3.28624e-02
   23  -7.25186e-02  -9.76954e-02   5.53439e-02  -9.06179e-02
   31   8.71009e-03  -1.17523e-01   1.37672e-01  -1.09954e-01
   29   3.98822e-02  -1.47036e-01   1.84737e-01  -1.37549e-01
   17   7.04463e-02  -7.06360e-02   2.95200e-01  -5.81658e-02
   23   8.26358e-02  -8.92114e-02   1.52418e-01  -8.54864e-02
   16   8.37471e-02  -4.50473e-02   3.00202e-01  -3.37006e-02
   32   1.38603e-01  -1.12392e-01   1.80039e-01  -1.34572e-01
   24   1.53318e-01  -8.83273e-02   1.77482e-01  -9.53262e-02
   25   1.79311e-01  -9.36644e-02   2.30486e-01  -9.12505e-02
   26   2.31849e-01  -9.31311e-02   3.48815e-01  -1.40460e-01
   28   2.91263e-01  -1.51662e-01   3.21765e-01  -1.65929e-01
   27   2.90940e-01  -1.47974e-01   3.51312e-01  -1.43706e-01
   28   3.25723e-01  -1.68045e-01   3.71795e-01  -1.90669e-01
#! 
#^
# Automatically generated edge file
#
# image 12
#
#
# format :
# index    x1    y1    x2    y2 
#
 
   28   1.20180e-01  -2.46103e-01   1.62387e-01  -1.95044e-01
   26   2.95229e-01  -2.13496e-01   3.61676e-01  -7.58256e-02
   32   1.40332e-01  -9.24829e-02   1.52689e-01  -8.14046e-02
   24   2.72136e-01  -6.10115e-02   2.84826e-01  -4.56786e-02
    4   4.38499e-02  -1.75005e-02   4.23955e-02   2.78806e-01
    2  -1.92730e-01   2.74788e-02  -2.04958e-01   2.78815e-01
    3  -1.71698e-01   6.22010e-02  -1.80357e-01   2.78789e-01
    6   2.57436e-01   1.21674e-01   2.60700e-01   2.27984e-01
    6   2.60537e-01   2.49645e-01   2.61715e-01   2.78832e-01
   18  -3.86023e-01  -1.88403e-01  -2.54178e-01  -1.26319e-01
   11  -3.85784e-01  -2.85134e-02  -1.94590e-01   2.63625e-02
   20  -3.26344e-01  -1.09456e-01  -1.10562e-01  -2.26381e-02
   19  -3.24943e-01  -1.12139e-01  -2.56749e-01  -1.23480e-01
   12  -1.83449e-01   6.02962e-02   3.15621e-02   4.50890e-02
   13  -1.69115e-01   3.09099e-02   3.25995e-02   1.36177e-02
   21  -1.08544e-01  -2.38983e-02  -4.26233e-02  -3.04243e-02
   29  -1.03364e-01  -1.08495e-01   8.92782e-02  -1.36590e-01
   30  -9.98388e-02  -1.05541e-01  -8.62033e-03  -5.70991e-02
   22  -4.16303e-02  -2.77430e-02  -6.83898e-03  -1.43185e-02
   31  -6.35867e-03  -5.88745e-02   1.56262e-01  -7.77619e-02
   23  -4.98633e-03  -1.60383e-02   5.18094e-02  -2.05264e-02
   23   5.55228e-02  -2.11650e-02   2.58734e-01  -4.04612e-02
   15   5.69920e-02   2.12213e-02   2.47889e-01   5.58599e-03
   14   7.30631e-02   6.15479e-02   2.49199e-01   5.01444e-02
   32   9.07339e-02  -1.34198e-01   1.01154e-01  -1.25473e-01
   32   1.08006e-01  -1.19647e-01   1.39001e-01  -9.40503e-02
   27   1.64553e-01  -1.95461e-01   2.93620e-01  -2.15669e-01
   23   2.61525e-01  -4.08845e-02   2.85897e-01  -4.32912e-02
   17   2.68161e-01  -4.69765e-03   3.71750e-01  -1.38287e-02
   16   2.69296e-01   2.88962e-02   3.71753e-01   2.26121e-02
   25   2.73425e-01  -6.40544e-02   3.59715e-01  -7.23074e-02
#! 
#^
# Automatically generated edge file
#
# image 13
#
#+         alpha 0.0  beta -25.0
#
# format :
# index    x1    y1    x2    y2 
#
 
    0  -1.97237e-01  -1.87987e-01  -1.99375e-01  -1.26367e-01
    4   3.45849e-01  -1.44502e-01   3.52346e-01   2.78795e-01
    2   1.00619e-01  -1.16524e-01   1.00717e-01   5.26297e-02
    0  -2.00271e-01  -9.24889e-02  -2.04820e-01   9.98234e-02
    3   1.23465e-01  -8.29309e-02   1.24162e-01   2.78812e-01
    2   1.00683e-01   5.50461e-02   9.99689e-02   2.78789e-01
    0  -2.04978e-01   1.37295e-01  -2.06644e-01   2.78806e-01
   10  -3.85642e-01  -2.31944e-01  -1.99712e-01  -1.89145e-01
    9  -3.85840e-01  -1.83892e-01  -2.14637e-01  -1.51473e-01
   11  -1.93663e-01  -1.85177e-01   9.85993e-02  -1.17389e-01
   20  -3.44202e-02  -2.44798e-01   1.82749e-01  -1.73003e-01
   19  -3.30694e-02  -2.48033e-01   3.74188e-02  -2.66868e-01
   12   1.11544e-01  -8.41863e-02   3.32810e-01  -1.11400e-01
   13   1.22693e-01  -1.14128e-01   3.32565e-01  -1.44503e-01
   21   1.84725e-01  -1.74600e-01   2.51608e-01  -1.86105e-01
   30   1.88483e-01  -2.62224e-01   2.87539e-01  -2.17394e-01
   29   1.91198e-01  -2.65355e-01   2.30163e-01  -2.72638e-01
   22   2.53206e-01  -1.83417e-01   2.90521e-01  -1.71412e-01
   31   2.89752e-01  -2.19010e-01   3.71733e-01  -2.35155e-01
   23   2.92242e-01  -1.73387e-01   3.42151e-01  -1.80635e-01
#! 
#^
# Automatically generated edge file
#
# image 14
#
#+       alpha 0.0  beta -25.0
#
# format :
# index    x1    y1    x2    y2 
#
 
    0  -3.38440e-01  -2.71482e-01  -3.34305e-01  -1.02167e-01
    2  -2.36474e-02  -2.71505e-01  -2.42918e-02   1.06839e-01
    3  -5.27596e-04  -2.71465e-01  -1.16936e-03   1.45814e-01
    4   2.21870e-01  -2.71460e-01   2.10841e-01   1.32625e-01
    0  -3.33173e-01  -6.46252e-02  -3.24865e-01   1.29924e-01
    0  -3.22844e-01   1.61511e-01  -3.20920e-01   1.89295e-01
    1  -3.18430e-01   1.92478e-01  -1.58367e-01   1.46042e-01
    7  -3.14832e-01   2.59830e-01  -1.60243e-01   2.03778e-01
    7  -1.50392e-01   2.01123e-01  -6.27844e-02   1.71170e-01
    1  -1.38029e-01   1.40021e-01  -2.66988e-02   1.07963e-01
    7  -5.99927e-02   1.70385e-01  -2.58744e-03   1.49962e-01
    8   1.58607e-03   1.46056e-01   2.53542e-01   1.92302e-01
    5   2.12956e-01   1.33874e-01   2.85486e-01   1.45438e-01
#! 
#^
# Automatically generated edge file
#
# image 15
# 
#
# format :
# index    x1    y1    x2    y2 
#
 
    2  -1.84445e-01  -2.71419e-01  -1.85027e-01  -8.03186e-02
    3  -1.61601e-01  -2.71477e-01  -1.59560e-01   1.60209e-01
    4   5.47640e-02  -2.71475e-01   5.15740e-02   1.36117e-01
    6   2.66199e-01  -1.03466e-01   2.62802e-01   7.19948e-02
    2  -1.85338e-01  -7.67786e-02  -1.83298e-01   1.20649e-01
    6   2.62343e-01   8.16423e-02   2.59709e-01   1.43232e-01
    7  -1.59771e-01   1.65422e-01  -3.85707e-01   2.34107e-01
    1  -3.85784e-01   1.69744e-01  -3.25139e-01   1.54951e-01
    1  -3.02356e-01   1.49287e-01  -1.86627e-01   1.21555e-01
    8  -1.56991e-01   1.61696e-01   9.34342e-02   1.93090e-01
    5   5.54959e-02   1.37228e-01   1.18972e-01   1.44033e-01
    5   1.92806e-01   1.51571e-01   2.56038e-01   1.58118e-01
    8   1.92864e-01   2.06578e-01   3.71738e-01   2.27962e-01
#! 
#^
# Automatically generated edge file
#
# image 16
#
#+       alpha 0.0  beta -25.0
#
# format :
# index    x1    y1    x2    y2 
#
 
    0  -2.83481e-01  -2.71478e-01  -2.83481e-01  -1.10626e-01
    2   2.37573e-02  -2.71464e-01   2.05592e-02   1.19019e-01
    3   4.66376e-02  -2.71589e-01   4.35916e-02   1.61256e-01
    4   2.66394e-01  -2.71463e-01   2.58077e-01   1.43724e-01
    0  -2.83536e-01  -7.43259e-02  -2.80435e-01   1.19175e-01
    7  -2.76978e-01   2.52711e-01  -1.17181e-01   2.07444e-01
    1  -2.75362e-01   1.83286e-01  -1.15395e-01   1.49441e-01
    7  -1.07162e-01   2.05427e-01  -1.84473e-02   1.81949e-01
    1  -9.49388e-02   1.44925e-01   1.77191e-02   1.21212e-01
    7  -1.55062e-02   1.81383e-01   4.17551e-02   1.65424e-01
    8   4.64183e-02   1.61888e-01   3.02083e-01   2.03526e-01
    5   2.61378e-01   1.44464e-01   3.27650e-01   1.53618e-01
#! 
#^
# Automatically generated edge file
#
# image 17
#
#+        alpha 0.0  beta 15.0
#
# format :
# index    x1    y1    x2    y2 
#
 
    3  -2.32047e-01  -2.71478e-01  -2.27592e-01   1.87011e-01
    4   3.31861e-02  -2.71476e-01   3.03634e-02   1.46974e-01
    2  -2.48876e-01  -2.66517e-01  -2.46766e-01   8.91878e-02
    6   2.62982e-01  -2.59382e-01   2.62272e-01  -2.12207e-01
    6   2.61416e-01  -1.68678e-01   2.61416e-01  -1.50537e-01
    6   2.62935e-01  -3.06262e-02   2.58483e-01   1.50526e-01
    1  -3.85823e-01   2.10895e-01  -3.57618e-01   1.97716e-01
    7  -3.49511e-01   2.66588e-01  -2.25920e-01   1.93774e-01
    1  -3.40050e-01   1.89204e-01  -2.48675e-01   1.46694e-01
    8  -2.25831e-01   1.88709e-01   9.99931e-02   2.05063e-01
    5   3.24326e-02   1.47685e-01   1.09130e-01   1.50969e-01
    5   1.87570e-01   1.54212e-01   2.54690e-01   1.57013e-01
    8   1.90185e-01   2.10167e-01   3.71715e-01   2.17507e-01
#! 
#^
# Automatically generated edge file
#
# image 18
#
#+         alpha 0.0  beta 5.0
#
# format :
# index    x1    y1    x2    y2 
#
 
    0  -2.48477e-01  -2.71478e-01  -2.48546e-01  -1.32396e-01
    3   3.51154e-02  -2.71471e-01   3.11679e-02   1.82830e-01
    4   3.05037e-01  -2.71467e-01   2.94653e-01   1.54022e-01
    2   1.81254e-02  -2.66480e-01   1.68822e-02  -1.00991e-01
    0  -2.49036e-01  -8.52227e-02  -2.45098e-01   1.71158e-01
    2   1.64866e-02  -7.81332e-02   1.48654e-02   8.52802e-02
    1  -2.40277e-01   2.46497e-01  -9.39768e-02   1.84452e-01
    7  -1.44196e-01   2.79945e-01  -9.29502e-02   2.54056e-01
    7  -8.82628e-02   2.51181e-01   3.10361e-02   1.87691e-01
    1  -7.65697e-02   1.76863e-01   1.12664e-02   1.39889e-01
    8   3.39583e-02   1.82371e-01   3.66342e-01   2.18077e-01
    5   2.97733e-01   1.54310e-01   3.71820e-01   1.61047e-01
#! 
#^
# Automatically generated edge file
#
# image 19
#
#+        alpha 0.0 beta 20.0
#
# format :
# index    x1    y1    x2    y2 
#
 
   18  -3.20111e-01  -2.71537e-01  -2.67564e-01  -1.72399e-01
   28   2.66516e-01  -2.71565e-01   2.26771e-01  -1.67365e-01
   20  -3.82735e-01  -1.68244e-01  -2.59627e-01  -8.61372e-03
   26   3.46875e-01  -1.58645e-01   2.46592e-01  -1.04159e-03
   30  -1.27922e-01  -1.14122e-01  -1.03186e-01  -3.75151e-02
   32   9.37558e-02  -1.11746e-01   8.20573e-02  -3.69890e-02
   22  -1.76426e-01  -5.34226e-03  -1.62053e-01   1.73717e-02
   24   1.60728e-01  -4.93729e-04   1.50913e-01   2.21477e-02
    4  -1.45340e-01   6.47178e-02  -1.57644e-01   2.78775e-01
    6   7.75501e-02   1.92940e-01   7.74344e-02   2.78837e-01
   13  -3.85702e-01   5.43398e-02  -1.56945e-01   5.79052e-02
   12  -3.85735e-01   8.77873e-02  -1.59702e-01   9.08786e-02
   19  -3.81472e-01  -1.70503e-01  -2.67468e-01  -1.69753e-01
   21  -2.56620e-01  -9.17852e-03  -1.77190e-01  -7.71392e-03
   23  -1.59780e-01   1.73693e-02   1.48441e-01   2.21936e-02
   15  -1.35232e-01   7.09051e-02  -1.45967e-02   7.25584e-02
   29  -1.26153e-01  -1.16643e-01   9.20255e-02  -1.14128e-01
   14  -1.24636e-01   1.13915e-01  -3.08077e-02   1.15189e-01
   31  -1.00442e-01  -3.74413e-02   7.98373e-02  -3.51470e-02
   15  -1.19637e-02   7.26515e-02   6.76330e-02   7.38682e-02
   14   1.08991e-02   1.16306e-01   3.82529e-02   1.16039e-01
   14   4.76090e-02   1.16638e-01   6.08641e-02   1.16388e-01
   17   7.70388e-02   6.18962e-02   3.71761e-01   6.66988e-02
   16   8.92607e-02   9.57574e-02   3.71721e-01   1.01177e-01
   25   1.62133e-01  -2.94884e-03   2.43870e-01  -1.35604e-03
   27   2.29084e-01  -1.64877e-01   3.43488e-01  -1.62458e-01
#! 
#^
# Automatically generated edge file
#
# image 20
# 
#+         alpha 0.0  beta 5.0
#
# format :
# index    x1    y1    x2    y2 
#
 
   18   1.20831e-01  -2.71388e-01   1.52259e-01  -2.32935e-01
   20   4.14106e-02  -2.11726e-01   1.44272e-01  -1.25610e-01
   30   3.05699e-01  -2.03703e-01   3.38393e-01  -1.40616e-01
    0  -2.27840e-01  -1.56489e-01  -2.32652e-01  -8.15461e-02
   20   1.52031e-01  -1.19194e-01   1.68543e-01  -1.05230e-01
   22   2.62767e-01  -1.04533e-01   2.75669e-01  -9.07945e-02
    0  -2.35049e-01  -4.05362e-02  -2.47774e-01   2.06270e-01
    2   2.67993e-02  -3.79746e-02   2.30173e-02   2.78806e-01
    4   3.02069e-01  -3.20219e-02   3.11490e-01   2.78797e-01
    3   4.25758e-02   5.70554e-04   4.09747e-02   2.78806e-01
   10  -3.85900e-01  -2.28867e-01  -2.40884e-01  -1.63023e-01
    9  -3.85792e-01  -1.66130e-01  -2.45601e-01  -1.12617e-01
   11  -2.20281e-01  -1.49231e-01   2.28478e-02  -3.96557e-02
   12   3.46230e-02  -1.60760e-03   2.88396e-01  -1.94948e-02
   19   4.24170e-02  -2.13994e-01   1.53663e-01  -2.30679e-01
   13   4.47957e-02  -3.35784e-02   2.88319e-01  -5.35482e-02
   21   1.70067e-01  -9.88927e-02   2.61432e-01  -1.05807e-01
   23   2.77496e-01  -8.74892e-02   3.71737e-01  -9.54411e-02
   29   3.08558e-01  -2.06352e-01   3.71663e-01  -2.15587e-01
   15   3.11143e-01  -4.51210e-02   3.71804e-01  -4.96817e-02
   14   3.27363e-01  -9.94426e-04   3.71754e-01  -3.83534e-03
   31   3.40801e-01  -1.40875e-01   3.71778e-01  -1.44215e-01
#! 
#^
# Automatically generated edge file
#
# image 21
#
#+        alpha 0.0  beta 40.0
#
# format :
# index    x1    y1    x2    y2 
#
 
   20  -2.29516e-01  -2.71434e-01  -2.81793e-01  -1.38766e-01
   30  -1.17619e-02  -2.00174e-01  -6.47313e-02  -1.52241e-01
   32   1.89263e-01  -1.69411e-01   9.51429e-02  -1.17681e-01
   22  -1.91451e-01  -1.24777e-01  -2.04168e-01  -1.07090e-01
    6  -1.49707e-02  -4.51549e-02  -1.97403e-02   2.78804e-01
    4  -2.40398e-01   2.24101e-02  -2.44923e-01   1.49345e-01
    4  -2.48156e-01   2.06214e-01  -2.50475e-01   2.78789e-01
   13  -3.85708e-01  -8.49035e-02  -3.35873e-01  -7.95603e-02
   12  -3.85763e-01  -4.73440e-02  -2.49838e-01  -3.69188e-02
   13  -3.33242e-01  -7.90668e-02  -2.49777e-01  -7.11234e-02
   21  -2.79361e-01  -1.36629e-01  -1.91920e-01  -1.26570e-01
   15  -2.29951e-01  -5.94623e-02  -3.97185e-02  -4.15666e-02
   14  -2.25839e-01  -1.30450e-02  -4.12671e-02   1.08093e-03
   23  -2.02880e-01  -1.05043e-01   9.83719e-02  -7.16410e-02
   31  -7.58499e-02  -1.40643e-01   9.32189e-02  -1.18974e-01
   17  -1.41272e-02  -4.91375e-02   2.49411e-01  -2.18882e-02
   29  -9.83390e-03  -2.04062e-01   1.92456e-01  -1.71846e-01
   16  -2.32105e-03  -1.50284e-02   2.45450e-01   8.30596e-03
   24   9.99541e-02  -7.34455e-02   1.35590e-01  -8.88800e-02
   25   1.37674e-01  -8.72534e-02   2.04616e-01  -7.87996e-02
   26   2.06336e-01  -8.05278e-02   3.71678e-01  -1.46203e-01
#! 
#^
# Automatically generated edge file
#
# image 22
#
#+        alpha 0.0 beta 40.0
#
# format :
# index    x1    y1    x2    y2 
#
 
    6   3.26708e-02  -2.71480e-01   2.79403e-02   1.49195e-01
    4  -1.93096e-01  -2.65434e-01  -1.90962e-01  -1.34793e-01
    4  -1.91098e-01  -8.15957e-02  -1.88159e-01   1.26421e-01
    4  -1.88088e-01   1.28840e-01  -1.87665e-01   1.48206e-01
    8  -1.07120e-01   2.13342e-01  -3.85775e-01   2.36932e-01
    5  -1.85080e-01   1.64958e-01  -9.78610e-02   1.59053e-01
    5  -3.85453e-02   1.55005e-01   2.57459e-02   1.50693e-01
    8  -1.45456e-02   2.06120e-01   3.04282e-01   1.73287e-01
#! 
#^
# Automatically generated edge file
#
# image 23
#
#+         alpha 0.0  beta 40.0
#
# format :
# index    x1    y1    x2    y2 
#
 
    6   6.48668e-02  -2.71483e-01   5.91164e-02   1.53077e-01
    4  -1.58707e-01  -8.16006e-02  -1.58302e-01   1.49397e-01
    8  -3.85740e-01   2.34059e-01  -8.17859e-02   2.16162e-01
    5  -1.55720e-01   1.64228e-01  -7.36017e-02   1.60803e-01
    5  -3.55615e-03   1.57942e-01   5.69987e-02   1.54996e-01
    8   1.65216e-02   2.10995e-01   3.40768e-01   1.85943e-01
#! 
