#^
# Automatically generated edge file
#
# format :
# index    x1    y1    x2    y2 
#

0	-0.1121596	-0.0293706	-0.1135065	0.0190449
1	-0.1135065	-0.0390537	-0.1983572	-0.0620511
2	-0.2064382	0.0142034	-0.1148533	0.0238865
3	-0.1175470	0.0698812	-0.2010509	0.0686708
4	-0.2037446	-0.0572095	-0.2050914	0.0093618
5	-0.3020637	0.0117826	-0.2077851	0.0142034
6	-0.1997041	-0.0620511	-0.3007169	-0.0608407
7	-0.3087979	0.0868266	-0.3020637	-0.0499472
8	0.0777445	0.1993926	0.0817850	0.0480942
9	0.2528334	0.0952993	0.2528334	0.1461356
10	0.2528334	0.0928786	0.0871723	0.0880370
11	0.0831318	0.1425044	0.2514865	0.1485564
12	0.2474460	0.1897095	0.0885192	0.1836576
13	0.3040132	-0.0814172	0.2178156	-0.0814172
14	0.2205093	-0.0245290	0.2972790	-0.0257394
15	0.2945853	0.0166241	0.2285903	0.0142034
16	0.2137751	0.0299384	0.2124282	-0.0475264
17	0.0454204	-0.0354225	0.1154559	-0.0354225
#!

#^
# Automatically generated edge file
#
# format :
# index    x1    y1    x2    y2 
#

0	-0.1162001	-0.0233187	-0.1188938	0.0275176
1	-0.1175470	-0.0257394	-0.2535776	-0.0426848
2	-0.2603118	0.0238865	-0.1188938	0.0311488
3	-0.1242812	0.0710916	-0.2549244	0.0710916
4	-0.2589649	-0.0390537	-0.2589649	0.0190449
5	-0.3141853	0.0238865	-0.2616586	0.0238865
6	-0.2549244	-0.0426848	-0.3101447	-0.0390537
7	-0.3222663	0.0868266	-0.3168789	-0.0426848
8	0.0966002	0.2018134	0.1006407	0.0529358
9	0.2636081	0.0989305	0.2649549	0.1521875
10	0.2595676	0.0965097	0.1046812	0.0928786
11	0.1073749	0.1485564	0.2663018	0.1582395
12	0.2568739	0.1981823	0.1073749	0.1860784
13	0.3147879	-0.0862588	0.2285903	-0.0826276
14	0.2258966	-0.0257394	0.3040132	-0.0257394
15	0.3053600	0.0166241	0.2339776	0.0154137
16	0.2272435	-0.0826276	0.2258966	-0.0281602
17	0.0683166	-0.0293706	0.1302711	-0.0317914
#!

#^
# Automatically generated edge file
#
# format :
# index    x1    y1    x2    y2 
#

0	-0.1350559	-0.0184771	-0.1377495	0.0275176
1	-0.1364027	-0.0245290	-0.3061042	-0.0354225
2	-0.3195726	0.0250969	-0.1377495	0.0287280
3	-0.1444837	0.0686708	-0.2993700	0.0662500
4	-0.3061042	-0.0342121	-0.3074511	0.0190449
5	-0.3128384	0.0238865	-0.3222663	0.0238865
6	-0.3101447	-0.0366329	-0.3222663	-0.0293706
7	-0.3290005	0.0807747	-0.3249599	-0.0354225
8	0.0790913	0.2054446	0.0831318	0.0493046
9	0.2124282	0.1025617	0.2097346	0.1606603
10	0.2097346	0.0989305	0.0871723	0.0916682
11	0.0844787	0.1473460	0.2124282	0.1655018
12	0.2043472	0.2114965	0.0871723	0.1897095
13	0.2555270	-0.1116769	0.1801041	-0.0995731
14	0.1801041	-0.0354225	0.2501397	-0.0426848
15	0.2474460	0.0069410	0.1908788	0.0081514
16	0.1787573	-0.0995731	0.1747168	0.0202553
17	0.0615824	-0.0342121	0.1060281	-0.0402641
#!

#^
# Automatically generated edge file
#
# format :
# index    x1    y1    x2    y2 
#

0	-0.0609798	-0.0257394	-0.0636735	0.0347800
1	-0.0690608	-0.0100044	-0.2104788	-0.0136355
2	-0.2104788	0.0359903	-0.0650203	0.0372007
3	-0.0690608	0.0723020	-0.2050914	0.0698812
4	-0.2104788	-0.0124252	-0.2118256	0.0347800
8	0.1154559	0.1957615	0.1181496	0.0541461
9	0.1976130	0.1049824	0.1962662	0.1533979
10	0.1949193	0.0977201	0.1221901	0.0928786
11	0.1235370	0.1461356	0.1976130	0.1594499
12	0.1922257	0.2006030	0.1248838	0.1824472
13	0.2245498	-0.0947315	0.1774105	-0.0826276
14	0.1774105	-0.0245290	0.2205093	-0.0317914
15	0.2205093	0.0105722	0.1827978	0.0129930
16	0.1760636	-0.0826276	0.1760636	-0.0257394
17	0.1343117	-0.0293706	0.1033344	-0.0257394
#!

#^
# Automatically generated edge file
#
# format :
# index    x1    y1    x2    y2 
#

0	-0.0825292	-0.0075836	-0.0811824	0.0214657
1	-0.0811824	-0.0112148	-0.2293345	-0.0184771
2	-0.2347218	0.0299384	-0.0852229	0.0359903
3	-0.0906102	0.0710916	-0.2279876	0.0650396
4	-0.2333750	-0.0160563	-0.2333750	0.0263072
8	0.0979470	0.1884992	0.0992939	0.0493046
9	0.1787573	0.0735124	0.1787573	0.1267694
10	0.1814510	0.0686708	0.1046812	0.0819851
11	0.1019876	0.1340317	0.1774105	0.1316109
12	0.1760636	0.1763953	0.1073749	0.1739745
13	0.2030004	-0.1274120	0.1572079	-0.1056250
14	0.1572079	-0.0475264	0.2003067	-0.0656822
15	0.2003067	-0.0196875	0.1612484	-0.0087940
16	0.1558611	-0.1056250	0.1558611	-0.0511576
17	0.1154559	-0.0426848	0.0844787	-0.0293706
#!

#^
# Automatically generated edge file
#
# format :
# index    x1    y1    x2    y2 
#

0	-0.1256280	-0.0390537	-0.1229343	-0.0850484
1	-0.1256280	-0.0330018	-0.2845548	-0.0523679
2	-0.2912890	0.0045203	-0.1296685	0.0202553
3	-0.1350559	0.0577773	-0.2832080	0.0456734
4	-0.2859017	-0.0523679	-0.2912890	-0.0003213
5	-0.2912890	0.0057306	-0.3087979	0.0154137
6	-0.2899422	-0.0523679	-0.3047574	-0.0402641
7	-0.3168789	0.0674604	-0.3087979	-0.0547887
8	0.0871723	0.1304006	0.0858255	0.0420423
9	0.2151219	0.0686708	0.2164688	0.1243486
10	0.2191624	0.0650396	0.0898660	0.0771435
11	0.0871723	0.1316109	0.2137751	0.1291902
12	0.2110814	0.1739745	0.0925597	0.1715537
13	0.2528334	-0.1334639	0.1814510	-0.1140977
14	0.1827978	-0.0547887	0.2501397	-0.0717342
15	0.2474460	-0.0257394	0.1935725	-0.0160563
16	0.1801041	-0.1140977	0.1814510	-0.0559991
17	0.0629293	-0.0390537	0.1073749	-0.0499472
#!

#^
# Automatically generated edge file
#
# format :
# index    x1    y1    x2    y2 
#

0	-0.1242812	-0.0148459	-0.1256280	-0.0523679
1	-0.1256280	-0.0523679	-0.2670459	-0.0862588
2	-0.2764738	-0.0208979	-0.1256280	0.0081514
3	-0.1337090	0.0468838	-0.2683928	0.0263072
4	-0.2710865	-0.0814172	-0.2751270	-0.0257394
5	-0.3263068	-0.0124252	-0.2778206	-0.0208979
6	-0.2683928	-0.0862588	-0.3263068	-0.0741549
7	-0.3384283	0.0517254	-0.3316941	-0.0305810
8	0.0939065	0.1884992	0.0966002	0.0444630
9	0.2622612	0.0710916	0.2636081	0.1267694
10	0.2663018	0.0686708	0.1006407	0.0759331
11	0.0992939	0.1304006	0.2622612	0.1304006
12	0.2582207	0.1751849	0.1033344	0.1715537
13	0.3080537	-0.1201496	0.2191624	-0.1080458
14	0.2232029	-0.0511576	0.3040132	-0.0584199
15	0.3013195	-0.0172667	0.2312840	-0.0112148
16	0.2178156	-0.1080458	0.2218561	-0.0511576
17	0.0629293	-0.0451056	0.1262306	-0.0511576
#!

#^
# Automatically generated edge file
#
# format :
# index    x1    y1    x2    y2 
#

0	-0.0771418	-0.0100044	-0.0771418	-0.0475264
1	-0.0771418	-0.0487368	-0.1646863	-0.0886796
2	-0.1727673	-0.0233187	-0.0784887	0.0093618
3	-0.0852229	0.0480942	-0.1660331	0.0263072
4	-0.1687268	-0.0814172	-0.1700736	-0.0354225
5	-0.2495371	-0.0172667	-0.1741141	-0.0233187
6	-0.1660331	-0.0886796	-0.2508839	-0.0826276
7	-0.2522307	-0.0826276	-0.2562712	-0.0257394
8	0.1060281	0.1872888	0.1100686	0.0529358
9	0.2743828	0.0347800	0.2743828	0.2066550
10	0.2703423	0.0831954	0.1141091	0.0831954
11	0.1114154	0.1328213	0.2178156	0.1364525
12	0.2676486	0.1763953	0.1168028	0.1727641
13	0.3161347	-0.0826276	0.2353245	-0.0802069
14	0.2326308	-0.0269498	0.3067069	-0.0281602
15	0.3080537	0.0081514	0.2420587	0.0093618
16	0.2312840	-0.0777861	0.2312840	-0.0281602
17	0.0750508	-0.0317914	0.1396990	-0.0342121
#!

